<?xml version="1.0" encoding="utf-8"?><testsuites name="pytest tests"><testsuite name="pytest" errors="0" failures="35" skipped="0" tests="61" time="1.359" timestamp="2026-06-09T17:40:54.853092+08:00" hostname="lyl"><testcase classname="testcase.ProductManager.test_productList.TestProductManager" name="test_get_product_list[base_info0-testcase0]" time="0.052" /><testcase classname="testcase.ProductManager.test_productList.TestProductManager" name="test_get_product_list[base_info1-testcase1]" time="0.012" /><testcase classname="testcase.ProductManager.test_productList.TestProductManager" name="test_get_product_list[base_info2-testcase2]" time="0.008" /><testcase classname="testcase.ProductManager.test_productList.TestProductManager" name="test_get_product_list[base_info3-testcase3]" time="0.008"><failure message="TypeError: 'in &lt;string&gt;' requires string as left operand, not NoneType">self = &lt;test_productList.TestProductManager object at 0x000001BE6154A3F0&gt;, base_info = {'api_name': '商品列表', 'header': {'Content-Type': 'application/x-www-form-urlencoded;charset=UTF-8', 'token': '${get_extract_data(cookie)}'}, 'method': 'Get', 'url': '/coupApply/cms/goodsList'}
testcase = {'params': {'msgType': 'getHandsetListOfCust', 'page': 0, 'size': 20}}

    @allure.story(next(c_id) + "获取商品列表")
    @pytest.mark.run(order=1)
    @pytest.mark.parametrize('base_info,testcase', get_testcase_yaml('./testcase/ProductManager/getProductList.yaml'))
    def test_get_product_list(self, base_info, testcase):
        allure.dynamic.title(testcase['case_name'])
&gt;       RequestBase().specification_yaml(base_info, testcase)

testcase\ProductManager\test_productList.py:17: 
_ _ _ _ _ _ _ _ _ _ _ _ _ _ _ _ _ _ _ _ _ _ _ _ _ _ _ _ _ _ _ _ _ _ _ _ _ _ _ _ _ _ _ _ _ _ _ _ _ _ _ _ _ _ _ _ _ _ _ _ _ _ _ _ _ _ _ _ _ _ _ _ _ _ _ _ _ _ _ _ _ _ _ _ _ _ _ _ _ _ _ _ _ _ _ _ _ _ _ _ _ _ _ _ _ _ _ _ _ _ _ _ _ _ _ _ _ _ _ _ _ _ _ _ _ _ _ _ _ _ _ _ _ _ _ _ _ _ _ _
base\apiutil.py:127: in specification_yaml
    raise e
base\apiutil.py:124: in specification_yaml
    raise e
base\apiutil.py:118: in specification_yaml
    self.asserts.assert_result(validation, res_json, status_code)
common\assertions.py:211: in assert_result
    raise exceptions
common\assertions.py:187: in assert_result
    flag = self.contains_assert(value, response, status_code)
           ^^^^^^^^^^^^^^^^^^^^^^^^^^^^^^^^^^^^^^^^^^^^^^^^^^
_ _ _ _ _ _ _ _ _ _ _ _ _ _ _ _ _ _ _ _ _ _ _ _ _ _ _ _ _ _ _ _ _ _ _ _ _ _ _ _ _ _ _ _ _ _ _ _ _ _ _ _ _ _ _ _ _ _ _ _ _ _ _ _ _ _ _ _ _ _ _ _ _ _ _ _ _ _ _ _ _ _ _ _ _ _ _ _ _ _ _ _ _ _ _ _ _ _ _ _ _ _ _ _ _ _ _ _ _ _ _ _ _ _ _ _ _ _ _ _ _ _ _ _ _ _ _ _ _ _ _ _ _ _ _ _ _ _ _ _

self = &lt;common.assertions.Assertions object at 0x000001BE6165D5B0&gt;, value = {'error_code': None}
response = {'api_info': 'today:21 max:10000 all[90=21+33+36];expires:2030-12-31', 'cache': 0, 'error_code': '0000', 'goodsList': ...images/2017-12-12/efb5db42397550bffd3211ca6f197498.jpeg', 'goods_name': '【新品零0CM嵌入式】海尔电冰箱410L家用法式四门多门官方正品', ...}], ...}, status_code = 200

    def contains_assert(self, value, response, status_code):
        """
        字符串包含断言模式，断言预期结果的字符串是否包含在接口的响应信息中
        :param value: 预期结果，yaml文件的预期结果值
        :param response: 接口实际响应结果
        :param status_code: 响应状态码
        :return: 返回结果的状态标识
        """
        # 断言状态标识，0成功，其他失败
        flag = 0
        for assert_key, assert_value in value.items():
            if assert_key == "status_code":
                if assert_value != status_code:
                    flag += 1
                    allure.attach(f"预期结果：{assert_value}\n实际结果：{status_code}", '响应代码断言结果:失败',
                                  attachment_type=allure.attachment_type.TEXT)
                    logs.error("contains断言失败：接口返回码【%s】不等于【%s】" % (status_code, assert_value))
            else:
                resp_list = jsonpath.jsonpath(response, "$..%s" % assert_key)
                if resp_list and isinstance(resp_list[0], str):
                    resp_list = ''.join(resp_list)
                if resp_list:
                    if assert_value is not None and isinstance(assert_value, str) and assert_value.upper() == 'NONE':
                        assert_value = None
&gt;                   if assert_value in resp_list:
                       ^^^^^^^^^^^^^^^^^^^^^^^^^
E                   TypeError: 'in &lt;string&gt;' requires string as left operand, not NoneType

common\assertions.py:45: TypeError</failure></testcase><testcase classname="testcase.ProductManager.test_productList.TestProductManager" name="test_get_product_list[base_info4-testcase4]" time="0.007"><failure message="TypeError: 'in &lt;string&gt;' requires string as left operand, not NoneType">self = &lt;test_productList.TestProductManager object at 0x000001BE614F3BF0&gt;, base_info = {'api_name': '商品列表', 'header': {'Content-Type': 'application/x-www-form-urlencoded;charset=UTF-8', 'token': '${get_extract_data(cookie)}'}, 'method': 'Get', 'url': '/coupApply/cms/goodsList'}
testcase = {'params': {'page': 1, 'size': 20}}

    @allure.story(next(c_id) + "获取商品列表")
    @pytest.mark.run(order=1)
    @pytest.mark.parametrize('base_info,testcase', get_testcase_yaml('./testcase/ProductManager/getProductList.yaml'))
    def test_get_product_list(self, base_info, testcase):
        allure.dynamic.title(testcase['case_name'])
&gt;       RequestBase().specification_yaml(base_info, testcase)

testcase\ProductManager\test_productList.py:17: 
_ _ _ _ _ _ _ _ _ _ _ _ _ _ _ _ _ _ _ _ _ _ _ _ _ _ _ _ _ _ _ _ _ _ _ _ _ _ _ _ _ _ _ _ _ _ _ _ _ _ _ _ _ _ _ _ _ _ _ _ _ _ _ _ _ _ _ _ _ _ _ _ _ _ _ _ _ _ _ _ _ _ _ _ _ _ _ _ _ _ _ _ _ _ _ _ _ _ _ _ _ _ _ _ _ _ _ _ _ _ _ _ _ _ _ _ _ _ _ _ _ _ _ _ _ _ _ _ _ _ _ _ _ _ _ _ _ _ _ _
base\apiutil.py:127: in specification_yaml
    raise e
base\apiutil.py:124: in specification_yaml
    raise e
base\apiutil.py:118: in specification_yaml
    self.asserts.assert_result(validation, res_json, status_code)
common\assertions.py:211: in assert_result
    raise exceptions
common\assertions.py:187: in assert_result
    flag = self.contains_assert(value, response, status_code)
           ^^^^^^^^^^^^^^^^^^^^^^^^^^^^^^^^^^^^^^^^^^^^^^^^^^
_ _ _ _ _ _ _ _ _ _ _ _ _ _ _ _ _ _ _ _ _ _ _ _ _ _ _ _ _ _ _ _ _ _ _ _ _ _ _ _ _ _ _ _ _ _ _ _ _ _ _ _ _ _ _ _ _ _ _ _ _ _ _ _ _ _ _ _ _ _ _ _ _ _ _ _ _ _ _ _ _ _ _ _ _ _ _ _ _ _ _ _ _ _ _ _ _ _ _ _ _ _ _ _ _ _ _ _ _ _ _ _ _ _ _ _ _ _ _ _ _ _ _ _ _ _ _ _ _ _ _ _ _ _ _ _ _ _ _ _

self = &lt;common.assertions.Assertions object at 0x000001BE61692F10&gt;, value = {'error_code': None}, response = {'error_code': '9001', 'msg': '参数错误'}, status_code = 200

    def contains_assert(self, value, response, status_code):
        """
        字符串包含断言模式，断言预期结果的字符串是否包含在接口的响应信息中
        :param value: 预期结果，yaml文件的预期结果值
        :param response: 接口实际响应结果
        :param status_code: 响应状态码
        :return: 返回结果的状态标识
        """
        # 断言状态标识，0成功，其他失败
        flag = 0
        for assert_key, assert_value in value.items():
            if assert_key == "status_code":
                if assert_value != status_code:
                    flag += 1
                    allure.attach(f"预期结果：{assert_value}\n实际结果：{status_code}", '响应代码断言结果:失败',
                                  attachment_type=allure.attachment_type.TEXT)
                    logs.error("contains断言失败：接口返回码【%s】不等于【%s】" % (status_code, assert_value))
            else:
                resp_list = jsonpath.jsonpath(response, "$..%s" % assert_key)
                if resp_list and isinstance(resp_list[0], str):
                    resp_list = ''.join(resp_list)
                if resp_list:
                    if assert_value is not None and isinstance(assert_value, str) and assert_value.upper() == 'NONE':
                        assert_value = None
&gt;                   if assert_value in resp_list:
                       ^^^^^^^^^^^^^^^^^^^^^^^^^
E                   TypeError: 'in &lt;string&gt;' requires string as left operand, not NoneType

common\assertions.py:45: TypeError</failure></testcase><testcase classname="testcase.Single interface.test_debug_api.TestUserManager" name="test_add_user[base_info0-testcase0]" time="0.007" /><testcase classname="testcase.Single interface.test_debug_api.TestUserManager" name="test_add_user[base_info1-testcase1]" time="0.006" /><testcase classname="testcase.Single interface.test_debug_api.TestUserManager" name="test_add_user[base_info2-testcase2]" time="0.006" /><testcase classname="testcase.Single interface.test_debug_api.TestUserManager" name="test_add_user[base_info3-testcase3]" time="0.006" /><testcase classname="testcase.ProductManager.test_productList.TestProductManager" name="test_get_product_detail[base_info0-testcase0]" time="0.007"><failure message="AssertionError">self = &lt;test_productList.TestProductManager object at 0x000001BE615439B0&gt;, base_info = {'api_name': '商品详情', 'header': {'Content-Type': 'application/json;charset=UTF-8'}, 'method': 'post', 'url': '/coupApply/cms/productDetail'}
testcase = {'json': {'page': 1, 'pro_id': '18382788819,33809635011,56996760797,82193785267,74190550836', 'size': 20}}

    @allure.story(next(c_id) + "获取商品详情信息")
    @pytest.mark.run(order=2)
    @pytest.mark.parametrize('base_info,testcase', get_testcase_yaml('./testcase/ProductManager/productDetail.yaml'))
    def test_get_product_detail(self, base_info, testcase):
        allure.dynamic.title(testcase['case_name'])
&gt;       RequestBase().specification_yaml(base_info, testcase)

testcase\ProductManager\test_productList.py:24: 
_ _ _ _ _ _ _ _ _ _ _ _ _ _ _ _ _ _ _ _ _ _ _ _ _ _ _ _ _ _ _ _ _ _ _ _ _ _ _ _ _ _ _ _ _ _ _ _ _ _ _ _ _ _ _ _ _ _ _ _ _ _ _ _ _ _ _ _ _ _ _ _ _ _ _ _ _ _ _ _ _ _ _ _ _ _ _ _ _ _ _ _ _ _ _ _ _ _ _ _ _ _ _ _ _ _ _ _ _ _ _ _ _ _ _ _ _ _ _ _ _ _ _ _ _ _ _ _ _ _ _ _ _ _ _ _ _ _ _ _
base\apiutil.py:127: in specification_yaml
    raise e
base\apiutil.py:124: in specification_yaml
    raise e
base\apiutil.py:118: in specification_yaml
    self.asserts.assert_result(validation, res_json, status_code)
_ _ _ _ _ _ _ _ _ _ _ _ _ _ _ _ _ _ _ _ _ _ _ _ _ _ _ _ _ _ _ _ _ _ _ _ _ _ _ _ _ _ _ _ _ _ _ _ _ _ _ _ _ _ _ _ _ _ _ _ _ _ _ _ _ _ _ _ _ _ _ _ _ _ _ _ _ _ _ _ _ _ _ _ _ _ _ _ _ _ _ _ _ _ _ _ _ _ _ _ _ _ _ _ _ _ _ _ _ _ _ _ _ _ _ _ _ _ _ _ _ _ _ _ _ _ _ _ _ _ _ _ _ _ _ _ _ _ _ _

self = &lt;common.assertions.Assertions object at 0x000001BE6175B4D0&gt;, expected = [{'contains': {'error_code': '0000'}}], response = {'error': '不存在该商品', 'error_code': '4000', 'goodsId': '', 'item': {}, ...}, status_code = 200

    def assert_result(self, expected, response, status_code):
        """
        断言，通过断言all_flag标记，all_flag==0表示测试通过，否则为失败
        :param expected: 预期结果
        :param response: 实际响应结果
        :param status_code: 响应code码
        :return:
        """
        all_flag = 0
        try:
            logs.info("yaml文件预期结果：%s" % expected)
            # logs.info("实际结果：%s" % response)
            # all_flag = 0
            for yq in expected:
                for key, value in yq.items():
                    if key == "contains":
                        flag = self.contains_assert(value, response, status_code)
                        all_flag = all_flag + flag
                    elif key == "eq":
                        flag = self.equal_assert(value, response)
                        all_flag = all_flag + flag
                    elif key == 'ne':
                        flag = self.not_equal_assert(value, response)
                        all_flag = all_flag + flag
                    elif key == 'rv':
                        flag = self.assert_response_any(actual_results=response, expected_results=value)
                        all_flag = all_flag + flag
                    elif key == 'db':
                        flag = self.assert_mysql_data(value)
                        all_flag = all_flag + flag
                    elif key == 'response_time':
                        # response_time 断言需要实际响应时间，从外部传入
                        # YAML中格式: response_time: 2 (单位：秒)
                        # 此处仅记录，实际比较在调用方完成
                        logs.info("响应时间断言阈值：%ss" % value)
                    else:
                        logs.error("不支持此种断言方式")
    
        except Exception as exceptions:
            logs.error('接口断言异常，请检查yaml预期结果值是否正确填写!')
            raise exceptions
    
        if all_flag == 0:
            logs.info("测试成功")
            assert True
        else:
            logs.error("测试失败")
&gt;           assert False
                   ^^^^^
E           AssertionError

common\assertions.py:218: AssertionError</failure></testcase><testcase classname="testcase.ProductManager.test_productList.TestProductManager" name="test_get_product_detail[base_info1-testcase1]" time="0.006"><failure message="TypeError: 'in &lt;string&gt;' requires string as left operand, not NoneType">self = &lt;test_productList.TestProductManager object at 0x000001BE61543680&gt;, base_info = {'api_name': '商品详情', 'header': {'Content-Type': 'application/json;charset=UTF-8'}, 'method': 'post', 'url': '/coupApply/cms/productDetail'}
testcase = {'json': {'page': 1, 'pro_id': '999999999', 'size': 20}}

    @allure.story(next(c_id) + "获取商品详情信息")
    @pytest.mark.run(order=2)
    @pytest.mark.parametrize('base_info,testcase', get_testcase_yaml('./testcase/ProductManager/productDetail.yaml'))
    def test_get_product_detail(self, base_info, testcase):
        allure.dynamic.title(testcase['case_name'])
&gt;       RequestBase().specification_yaml(base_info, testcase)

testcase\ProductManager\test_productList.py:24: 
_ _ _ _ _ _ _ _ _ _ _ _ _ _ _ _ _ _ _ _ _ _ _ _ _ _ _ _ _ _ _ _ _ _ _ _ _ _ _ _ _ _ _ _ _ _ _ _ _ _ _ _ _ _ _ _ _ _ _ _ _ _ _ _ _ _ _ _ _ _ _ _ _ _ _ _ _ _ _ _ _ _ _ _ _ _ _ _ _ _ _ _ _ _ _ _ _ _ _ _ _ _ _ _ _ _ _ _ _ _ _ _ _ _ _ _ _ _ _ _ _ _ _ _ _ _ _ _ _ _ _ _ _ _ _ _ _ _ _ _
base\apiutil.py:127: in specification_yaml
    raise e
base\apiutil.py:124: in specification_yaml
    raise e
base\apiutil.py:118: in specification_yaml
    self.asserts.assert_result(validation, res_json, status_code)
common\assertions.py:211: in assert_result
    raise exceptions
common\assertions.py:187: in assert_result
    flag = self.contains_assert(value, response, status_code)
           ^^^^^^^^^^^^^^^^^^^^^^^^^^^^^^^^^^^^^^^^^^^^^^^^^^
_ _ _ _ _ _ _ _ _ _ _ _ _ _ _ _ _ _ _ _ _ _ _ _ _ _ _ _ _ _ _ _ _ _ _ _ _ _ _ _ _ _ _ _ _ _ _ _ _ _ _ _ _ _ _ _ _ _ _ _ _ _ _ _ _ _ _ _ _ _ _ _ _ _ _ _ _ _ _ _ _ _ _ _ _ _ _ _ _ _ _ _ _ _ _ _ _ _ _ _ _ _ _ _ _ _ _ _ _ _ _ _ _ _ _ _ _ _ _ _ _ _ _ _ _ _ _ _ _ _ _ _ _ _ _ _ _ _ _ _

self = &lt;common.assertions.Assertions object at 0x000001BE618DACF0&gt;, value = {'error_code': None}, response = {'error': '不存在该商品', 'error_code': '4000', 'goodsId': '', 'item': {}, ...}, status_code = 200

    def contains_assert(self, value, response, status_code):
        """
        字符串包含断言模式，断言预期结果的字符串是否包含在接口的响应信息中
        :param value: 预期结果，yaml文件的预期结果值
        :param response: 接口实际响应结果
        :param status_code: 响应状态码
        :return: 返回结果的状态标识
        """
        # 断言状态标识，0成功，其他失败
        flag = 0
        for assert_key, assert_value in value.items():
            if assert_key == "status_code":
                if assert_value != status_code:
                    flag += 1
                    allure.attach(f"预期结果：{assert_value}\n实际结果：{status_code}", '响应代码断言结果:失败',
                                  attachment_type=allure.attachment_type.TEXT)
                    logs.error("contains断言失败：接口返回码【%s】不等于【%s】" % (status_code, assert_value))
            else:
                resp_list = jsonpath.jsonpath(response, "$..%s" % assert_key)
                if resp_list and isinstance(resp_list[0], str):
                    resp_list = ''.join(resp_list)
                if resp_list:
                    if assert_value is not None and isinstance(assert_value, str) and assert_value.upper() == 'NONE':
                        assert_value = None
&gt;                   if assert_value in resp_list:
                       ^^^^^^^^^^^^^^^^^^^^^^^^^
E                   TypeError: 'in &lt;string&gt;' requires string as left operand, not NoneType

common\assertions.py:45: TypeError</failure></testcase><testcase classname="testcase.ProductManager.test_productList.TestProductManager" name="test_get_product_detail[base_info2-testcase2]" time="0.006"><failure message="TypeError: 'in &lt;string&gt;' requires string as left operand, not NoneType">self = &lt;test_productList.TestProductManager object at 0x000001BE615A5C50&gt;, base_info = {'api_name': '商品详情', 'header': {'Content-Type': 'application/json;charset=UTF-8'}, 'method': 'post', 'url': '/coupApply/cms/productDetail'}, testcase = {'json': {'page': 1, 'size': 20}}

    @allure.story(next(c_id) + "获取商品详情信息")
    @pytest.mark.run(order=2)
    @pytest.mark.parametrize('base_info,testcase', get_testcase_yaml('./testcase/ProductManager/productDetail.yaml'))
    def test_get_product_detail(self, base_info, testcase):
        allure.dynamic.title(testcase['case_name'])
&gt;       RequestBase().specification_yaml(base_info, testcase)

testcase\ProductManager\test_productList.py:24: 
_ _ _ _ _ _ _ _ _ _ _ _ _ _ _ _ _ _ _ _ _ _ _ _ _ _ _ _ _ _ _ _ _ _ _ _ _ _ _ _ _ _ _ _ _ _ _ _ _ _ _ _ _ _ _ _ _ _ _ _ _ _ _ _ _ _ _ _ _ _ _ _ _ _ _ _ _ _ _ _ _ _ _ _ _ _ _ _ _ _ _ _ _ _ _ _ _ _ _ _ _ _ _ _ _ _ _ _ _ _ _ _ _ _ _ _ _ _ _ _ _ _ _ _ _ _ _ _ _ _ _ _ _ _ _ _ _ _ _ _
base\apiutil.py:127: in specification_yaml
    raise e
base\apiutil.py:124: in specification_yaml
    raise e
base\apiutil.py:118: in specification_yaml
    self.asserts.assert_result(validation, res_json, status_code)
common\assertions.py:211: in assert_result
    raise exceptions
common\assertions.py:187: in assert_result
    flag = self.contains_assert(value, response, status_code)
           ^^^^^^^^^^^^^^^^^^^^^^^^^^^^^^^^^^^^^^^^^^^^^^^^^^
_ _ _ _ _ _ _ _ _ _ _ _ _ _ _ _ _ _ _ _ _ _ _ _ _ _ _ _ _ _ _ _ _ _ _ _ _ _ _ _ _ _ _ _ _ _ _ _ _ _ _ _ _ _ _ _ _ _ _ _ _ _ _ _ _ _ _ _ _ _ _ _ _ _ _ _ _ _ _ _ _ _ _ _ _ _ _ _ _ _ _ _ _ _ _ _ _ _ _ _ _ _ _ _ _ _ _ _ _ _ _ _ _ _ _ _ _ _ _ _ _ _ _ _ _ _ _ _ _ _ _ _ _ _ _ _ _ _ _ _

self = &lt;common.assertions.Assertions object at 0x000001BE618DBD90&gt;, value = {'error_code': None}, response = {'error': '不存在该商品', 'error_code': '4000', 'goodsId': '', 'item': {}, ...}, status_code = 200

    def contains_assert(self, value, response, status_code):
        """
        字符串包含断言模式，断言预期结果的字符串是否包含在接口的响应信息中
        :param value: 预期结果，yaml文件的预期结果值
        :param response: 接口实际响应结果
        :param status_code: 响应状态码
        :return: 返回结果的状态标识
        """
        # 断言状态标识，0成功，其他失败
        flag = 0
        for assert_key, assert_value in value.items():
            if assert_key == "status_code":
                if assert_value != status_code:
                    flag += 1
                    allure.attach(f"预期结果：{assert_value}\n实际结果：{status_code}", '响应代码断言结果:失败',
                                  attachment_type=allure.attachment_type.TEXT)
                    logs.error("contains断言失败：接口返回码【%s】不等于【%s】" % (status_code, assert_value))
            else:
                resp_list = jsonpath.jsonpath(response, "$..%s" % assert_key)
                if resp_list and isinstance(resp_list[0], str):
                    resp_list = ''.join(resp_list)
                if resp_list:
                    if assert_value is not None and isinstance(assert_value, str) and assert_value.upper() == 'NONE':
                        assert_value = None
&gt;                   if assert_value in resp_list:
                       ^^^^^^^^^^^^^^^^^^^^^^^^^
E                   TypeError: 'in &lt;string&gt;' requires string as left operand, not NoneType

common\assertions.py:45: TypeError</failure></testcase><testcase classname="testcase.ProductManager.test_productList.TestProductManager" name="test_get_product_detail[base_info3-testcase3]" time="0.011"><failure message="TypeError: 'in &lt;string&gt;' requires string as left operand, not NoneType">self = &lt;test_productList.TestProductManager object at 0x000001BE615A5A50&gt;, base_info = {'api_name': '商品详情', 'header': {'Content-Type': 'application/json;charset=UTF-8'}, 'method': 'post', 'url': '/coupApply/cms/productDetail'}
testcase = {'json': {'page': 1, 'pro_id': '', 'size': 20}}

    @allure.story(next(c_id) + "获取商品详情信息")
    @pytest.mark.run(order=2)
    @pytest.mark.parametrize('base_info,testcase', get_testcase_yaml('./testcase/ProductManager/productDetail.yaml'))
    def test_get_product_detail(self, base_info, testcase):
        allure.dynamic.title(testcase['case_name'])
&gt;       RequestBase().specification_yaml(base_info, testcase)

testcase\ProductManager\test_productList.py:24: 
_ _ _ _ _ _ _ _ _ _ _ _ _ _ _ _ _ _ _ _ _ _ _ _ _ _ _ _ _ _ _ _ _ _ _ _ _ _ _ _ _ _ _ _ _ _ _ _ _ _ _ _ _ _ _ _ _ _ _ _ _ _ _ _ _ _ _ _ _ _ _ _ _ _ _ _ _ _ _ _ _ _ _ _ _ _ _ _ _ _ _ _ _ _ _ _ _ _ _ _ _ _ _ _ _ _ _ _ _ _ _ _ _ _ _ _ _ _ _ _ _ _ _ _ _ _ _ _ _ _ _ _ _ _ _ _ _ _ _ _
base\apiutil.py:127: in specification_yaml
    raise e
base\apiutil.py:124: in specification_yaml
    raise e
base\apiutil.py:118: in specification_yaml
    self.asserts.assert_result(validation, res_json, status_code)
common\assertions.py:211: in assert_result
    raise exceptions
common\assertions.py:187: in assert_result
    flag = self.contains_assert(value, response, status_code)
           ^^^^^^^^^^^^^^^^^^^^^^^^^^^^^^^^^^^^^^^^^^^^^^^^^^
_ _ _ _ _ _ _ _ _ _ _ _ _ _ _ _ _ _ _ _ _ _ _ _ _ _ _ _ _ _ _ _ _ _ _ _ _ _ _ _ _ _ _ _ _ _ _ _ _ _ _ _ _ _ _ _ _ _ _ _ _ _ _ _ _ _ _ _ _ _ _ _ _ _ _ _ _ _ _ _ _ _ _ _ _ _ _ _ _ _ _ _ _ _ _ _ _ _ _ _ _ _ _ _ _ _ _ _ _ _ _ _ _ _ _ _ _ _ _ _ _ _ _ _ _ _ _ _ _ _ _ _ _ _ _ _ _ _ _ _

self = &lt;common.assertions.Assertions object at 0x000001BE6182DCC0&gt;, value = {'error_code': None}, response = {'error': '不存在该商品', 'error_code': '4000', 'goodsId': '', 'item': {}, ...}, status_code = 200

    def contains_assert(self, value, response, status_code):
        """
        字符串包含断言模式，断言预期结果的字符串是否包含在接口的响应信息中
        :param value: 预期结果，yaml文件的预期结果值
        :param response: 接口实际响应结果
        :param status_code: 响应状态码
        :return: 返回结果的状态标识
        """
        # 断言状态标识，0成功，其他失败
        flag = 0
        for assert_key, assert_value in value.items():
            if assert_key == "status_code":
                if assert_value != status_code:
                    flag += 1
                    allure.attach(f"预期结果：{assert_value}\n实际结果：{status_code}", '响应代码断言结果:失败',
                                  attachment_type=allure.attachment_type.TEXT)
                    logs.error("contains断言失败：接口返回码【%s】不等于【%s】" % (status_code, assert_value))
            else:
                resp_list = jsonpath.jsonpath(response, "$..%s" % assert_key)
                if resp_list and isinstance(resp_list[0], str):
                    resp_list = ''.join(resp_list)
                if resp_list:
                    if assert_value is not None and isinstance(assert_value, str) and assert_value.upper() == 'NONE':
                        assert_value = None
&gt;                   if assert_value in resp_list:
                       ^^^^^^^^^^^^^^^^^^^^^^^^^
E                   TypeError: 'in &lt;string&gt;' requires string as left operand, not NoneType

common\assertions.py:45: TypeError</failure></testcase><testcase classname="testcase.Single interface.test_debug_api.TestUserManager" name="test_update_user[base_info0-testcase0]" time="0.010" /><testcase classname="testcase.Single interface.test_debug_api.TestUserManager" name="test_update_user[base_info1-testcase1]" time="0.007" /><testcase classname="testcase.Single interface.test_debug_api.TestUserManager" name="test_update_user[base_info2-testcase2]" time="0.007" /><testcase classname="testcase.Single interface.test_debug_api.TestUserManager" name="test_update_user[base_info3-testcase3]" time="0.006" /><testcase classname="testcase.ProductManager.test_productList.TestProductManager" name="test_update_product[base_info0-testcase0]" time="0.006"><failure message="requests.exceptions.JSONDecodeError: Expecting value: line 1 column 1 (char 0)">self = &lt;Response [404]&gt;, kwargs = {}

    def json(self, **kwargs: Any) -&gt; Any:
        r"""Decodes the JSON response body (if any) as a Python object.
    
        This may return a dictionary, list, etc. depending on what is in the response.
    
        :param \*\*kwargs: Optional arguments that ``json.loads`` takes.
        :raises requests.exceptions.JSONDecodeError: If the response body does not
            contain valid json.
        """
    
        if not self.encoding and self.content and len(self.content) &gt; 3:
            # No encoding set. JSON RFC 4627 section 3 states we should expect
            # UTF-8, -16 or -32. Detect which one to use; If the detection or
            # decoding fails, fall back to `self.text` (using charset_normalizer to make
            # a best guess).
            encoding = guess_json_utf(self.content)
            if encoding is not None:
                try:
                    return complexjson.loads(self.content.decode(encoding), **kwargs)
                except UnicodeDecodeError:
                    # Wrong UTF codec detected; usually because it's not UTF-8
                    # but some other 8-bit codec.  This is an RFC violation,
                    # and the server didn't bother to tell us what codec *was*
                    # used.
                    pass
                except JSONDecodeError as e:
                    raise RequestsJSONDecodeError(e.msg, e.doc, e.pos)
    
        try:
&gt;           return complexjson.loads(self.text, **kwargs)
                   ^^^^^^^^^^^^^^^^^^^^^^^^^^^^^^^^^^^^^^

D:\python\Lib\site-packages\requests\models.py:1116: 
_ _ _ _ _ _ _ _ _ _ _ _ _ _ _ _ _ _ _ _ _ _ _ _ _ _ _ _ _ _ _ _ _ _ _ _ _ _ _ _ _ _ _ _ _ _ _ _ _ _ _ _ _ _ _ _ _ _ _ _ _ _ _ _ _ _ _ _ _ _ _ _ _ _ _ _ _ _ _ _ _ _ _ _ _ _ _ _ _ _ _ _ _ _ _ _ _ _ _ _ _ _ _ _ _ _ _ _ _ _ _ _ _ _ _ _ _ _ _ _ _ _ _ _ _ _ _ _ _ _ _ _ _ _ _ _ _ _ _ _
D:\python\Lib\json\__init__.py:352: in loads
    return _default_decoder.decode(s)
           ^^^^^^^^^^^^^^^^^^^^^^^^^^
D:\python\Lib\json\decoder.py:345: in decode
    obj, end = self.raw_decode(s, idx=_w(s, 0).end())
               ^^^^^^^^^^^^^^^^^^^^^^^^^^^^^^^^^^^^^^
_ _ _ _ _ _ _ _ _ _ _ _ _ _ _ _ _ _ _ _ _ _ _ _ _ _ _ _ _ _ _ _ _ _ _ _ _ _ _ _ _ _ _ _ _ _ _ _ _ _ _ _ _ _ _ _ _ _ _ _ _ _ _ _ _ _ _ _ _ _ _ _ _ _ _ _ _ _ _ _ _ _ _ _ _ _ _ _ _ _ _ _ _ _ _ _ _ _ _ _ _ _ _ _ _ _ _ _ _ _ _ _ _ _ _ _ _ _ _ _ _ _ _ _ _ _ _ _ _ _ _ _ _ _ _ _ _ _ _ _

self = &lt;json.decoder.JSONDecoder object at 0x000001BE3FC6AE40&gt;
s = '&lt;!doctype html&gt;\n&lt;html lang=en&gt;\n&lt;title&gt;404 Not Found&lt;/title&gt;\n&lt;h1&gt;Not Found&lt;/h1&gt;\n&lt;p&gt;The requested URL was not found on the server. If you entered the URL manually please check your spelling and try again.&lt;/p&gt;\n', idx = 0

    def raw_decode(self, s, idx=0):
        """Decode a JSON document from ``s`` (a ``str`` beginning with
        a JSON document) and return a 2-tuple of the Python
        representation and the index in ``s`` where the document ended.
    
        This can be used to decode a JSON document from a string that may
        have extraneous data at the end.
    
        """
        try:
            obj, end = self.scan_once(s, idx)
        except StopIteration as err:
&gt;           raise JSONDecodeError("Expecting value", s, err.value) from None
E           json.decoder.JSONDecodeError: Expecting value: line 1 column 1 (char 0)

D:\python\Lib\json\decoder.py:363: JSONDecodeError

During handling of the above exception, another exception occurred:

self = &lt;test_productList.TestProductManager object at 0x000001BE615C6A80&gt;, base_info = {'api_name': '商品信息更新', 'header': {'Content-Type': 'application/json;charset=UTF-8'}, 'method': 'post', 'url': '/coupApply/cms/updateProduct'}
testcase = {'json': {'content': '商品描述信息更新', 'goodsId': '74190550836', 'name': '测试商品更新名称', 'price': '99.00', ...}}

    @allure.story(next(c_id) + "商品信息更新")
    @pytest.mark.run(order=3)
    @pytest.mark.parametrize('base_info,testcase', get_testcase_yaml('./testcase/ProductManager/updateProduct.yaml'))
    def test_update_product(self, base_info, testcase):
        allure.dynamic.title(testcase['case_name'])
&gt;       RequestBase().specification_yaml(base_info, testcase)

testcase\ProductManager\test_productList.py:31: 
_ _ _ _ _ _ _ _ _ _ _ _ _ _ _ _ _ _ _ _ _ _ _ _ _ _ _ _ _ _ _ _ _ _ _ _ _ _ _ _ _ _ _ _ _ _ _ _ _ _ _ _ _ _ _ _ _ _ _ _ _ _ _ _ _ _ _ _ _ _ _ _ _ _ _ _ _ _ _ _ _ _ _ _ _ _ _ _ _ _ _ _ _ _ _ _ _ _ _ _ _ _ _ _ _ _ _ _ _ _ _ _ _ _ _ _ _ _ _ _ _ _ _ _ _ _ _ _ _ _ _ _ _ _ _ _ _ _ _ _
base\apiutil.py:127: in specification_yaml
    raise e
base\apiutil.py:109: in specification_yaml
    allure.attach(self.allure_attach_response(res.json()), '接口响应信息', allure.attachment_type.TEXT)
                                              ^^^^^^^^^^
_ _ _ _ _ _ _ _ _ _ _ _ _ _ _ _ _ _ _ _ _ _ _ _ _ _ _ _ _ _ _ _ _ _ _ _ _ _ _ _ _ _ _ _ _ _ _ _ _ _ _ _ _ _ _ _ _ _ _ _ _ _ _ _ _ _ _ _ _ _ _ _ _ _ _ _ _ _ _ _ _ _ _ _ _ _ _ _ _ _ _ _ _ _ _ _ _ _ _ _ _ _ _ _ _ _ _ _ _ _ _ _ _ _ _ _ _ _ _ _ _ _ _ _ _ _ _ _ _ _ _ _ _ _ _ _ _ _ _ _

self = &lt;Response [404]&gt;, kwargs = {}

    def json(self, **kwargs: Any) -&gt; Any:
        r"""Decodes the JSON response body (if any) as a Python object.
    
        This may return a dictionary, list, etc. depending on what is in the response.
    
        :param \*\*kwargs: Optional arguments that ``json.loads`` takes.
        :raises requests.exceptions.JSONDecodeError: If the response body does not
            contain valid json.
        """
    
        if not self.encoding and self.content and len(self.content) &gt; 3:
            # No encoding set. JSON RFC 4627 section 3 states we should expect
            # UTF-8, -16 or -32. Detect which one to use; If the detection or
            # decoding fails, fall back to `self.text` (using charset_normalizer to make
            # a best guess).
            encoding = guess_json_utf(self.content)
            if encoding is not None:
                try:
                    return complexjson.loads(self.content.decode(encoding), **kwargs)
                except UnicodeDecodeError:
                    # Wrong UTF codec detected; usually because it's not UTF-8
                    # but some other 8-bit codec.  This is an RFC violation,
                    # and the server didn't bother to tell us what codec *was*
                    # used.
                    pass
                except JSONDecodeError as e:
                    raise RequestsJSONDecodeError(e.msg, e.doc, e.pos)
    
        try:
            return complexjson.loads(self.text, **kwargs)
        except JSONDecodeError as e:
            # Catch JSON-related errors and raise as requests.JSONDecodeError
            # This aliases json.JSONDecodeError and simplejson.JSONDecodeError
&gt;           raise RequestsJSONDecodeError(e.msg, e.doc, e.pos)
E           requests.exceptions.JSONDecodeError: Expecting value: line 1 column 1 (char 0)

D:\python\Lib\site-packages\requests\models.py:1120: JSONDecodeError</failure></testcase><testcase classname="testcase.ProductManager.test_productList.TestProductManager" name="test_update_product[base_info1-testcase1]" time="0.028"><failure message="requests.exceptions.JSONDecodeError: Expecting value: line 1 column 1 (char 0)">self = &lt;Response [404]&gt;, kwargs = {}

    def json(self, **kwargs: Any) -&gt; Any:
        r"""Decodes the JSON response body (if any) as a Python object.
    
        This may return a dictionary, list, etc. depending on what is in the response.
    
        :param \*\*kwargs: Optional arguments that ``json.loads`` takes.
        :raises requests.exceptions.JSONDecodeError: If the response body does not
            contain valid json.
        """
    
        if not self.encoding and self.content and len(self.content) &gt; 3:
            # No encoding set. JSON RFC 4627 section 3 states we should expect
            # UTF-8, -16 or -32. Detect which one to use; If the detection or
            # decoding fails, fall back to `self.text` (using charset_normalizer to make
            # a best guess).
            encoding = guess_json_utf(self.content)
            if encoding is not None:
                try:
                    return complexjson.loads(self.content.decode(encoding), **kwargs)
                except UnicodeDecodeError:
                    # Wrong UTF codec detected; usually because it's not UTF-8
                    # but some other 8-bit codec.  This is an RFC violation,
                    # and the server didn't bother to tell us what codec *was*
                    # used.
                    pass
                except JSONDecodeError as e:
                    raise RequestsJSONDecodeError(e.msg, e.doc, e.pos)
    
        try:
&gt;           return complexjson.loads(self.text, **kwargs)
                   ^^^^^^^^^^^^^^^^^^^^^^^^^^^^^^^^^^^^^^

D:\python\Lib\site-packages\requests\models.py:1116: 
_ _ _ _ _ _ _ _ _ _ _ _ _ _ _ _ _ _ _ _ _ _ _ _ _ _ _ _ _ _ _ _ _ _ _ _ _ _ _ _ _ _ _ _ _ _ _ _ _ _ _ _ _ _ _ _ _ _ _ _ _ _ _ _ _ _ _ _ _ _ _ _ _ _ _ _ _ _ _ _ _ _ _ _ _ _ _ _ _ _ _ _ _ _ _ _ _ _ _ _ _ _ _ _ _ _ _ _ _ _ _ _ _ _ _ _ _ _ _ _ _ _ _ _ _ _ _ _ _ _ _ _ _ _ _ _ _ _ _ _
D:\python\Lib\json\__init__.py:352: in loads
    return _default_decoder.decode(s)
           ^^^^^^^^^^^^^^^^^^^^^^^^^^
D:\python\Lib\json\decoder.py:345: in decode
    obj, end = self.raw_decode(s, idx=_w(s, 0).end())
               ^^^^^^^^^^^^^^^^^^^^^^^^^^^^^^^^^^^^^^
_ _ _ _ _ _ _ _ _ _ _ _ _ _ _ _ _ _ _ _ _ _ _ _ _ _ _ _ _ _ _ _ _ _ _ _ _ _ _ _ _ _ _ _ _ _ _ _ _ _ _ _ _ _ _ _ _ _ _ _ _ _ _ _ _ _ _ _ _ _ _ _ _ _ _ _ _ _ _ _ _ _ _ _ _ _ _ _ _ _ _ _ _ _ _ _ _ _ _ _ _ _ _ _ _ _ _ _ _ _ _ _ _ _ _ _ _ _ _ _ _ _ _ _ _ _ _ _ _ _ _ _ _ _ _ _ _ _ _ _

self = &lt;json.decoder.JSONDecoder object at 0x000001BE3FC6AE40&gt;
s = '&lt;!doctype html&gt;\n&lt;html lang=en&gt;\n&lt;title&gt;404 Not Found&lt;/title&gt;\n&lt;h1&gt;Not Found&lt;/h1&gt;\n&lt;p&gt;The requested URL was not found on the server. If you entered the URL manually please check your spelling and try again.&lt;/p&gt;\n', idx = 0

    def raw_decode(self, s, idx=0):
        """Decode a JSON document from ``s`` (a ``str`` beginning with
        a JSON document) and return a 2-tuple of the Python
        representation and the index in ``s`` where the document ended.
    
        This can be used to decode a JSON document from a string that may
        have extraneous data at the end.
    
        """
        try:
            obj, end = self.scan_once(s, idx)
        except StopIteration as err:
&gt;           raise JSONDecodeError("Expecting value", s, err.value) from None
E           json.decoder.JSONDecodeError: Expecting value: line 1 column 1 (char 0)

D:\python\Lib\json\decoder.py:363: JSONDecodeError

During handling of the above exception, another exception occurred:

self = &lt;test_productList.TestProductManager object at 0x000001BE615C6030&gt;, base_info = {'api_name': '商品信息更新', 'header': {'Content-Type': 'application/json;charset=UTF-8'}, 'method': 'post', 'url': '/coupApply/cms/updateProduct'}
testcase = {'json': {'content': '商品描述信息更新', 'name': '测试商品更新名称', 'price': '99.00'}}

    @allure.story(next(c_id) + "商品信息更新")
    @pytest.mark.run(order=3)
    @pytest.mark.parametrize('base_info,testcase', get_testcase_yaml('./testcase/ProductManager/updateProduct.yaml'))
    def test_update_product(self, base_info, testcase):
        allure.dynamic.title(testcase['case_name'])
&gt;       RequestBase().specification_yaml(base_info, testcase)

testcase\ProductManager\test_productList.py:31: 
_ _ _ _ _ _ _ _ _ _ _ _ _ _ _ _ _ _ _ _ _ _ _ _ _ _ _ _ _ _ _ _ _ _ _ _ _ _ _ _ _ _ _ _ _ _ _ _ _ _ _ _ _ _ _ _ _ _ _ _ _ _ _ _ _ _ _ _ _ _ _ _ _ _ _ _ _ _ _ _ _ _ _ _ _ _ _ _ _ _ _ _ _ _ _ _ _ _ _ _ _ _ _ _ _ _ _ _ _ _ _ _ _ _ _ _ _ _ _ _ _ _ _ _ _ _ _ _ _ _ _ _ _ _ _ _ _ _ _ _
base\apiutil.py:127: in specification_yaml
    raise e
base\apiutil.py:109: in specification_yaml
    allure.attach(self.allure_attach_response(res.json()), '接口响应信息', allure.attachment_type.TEXT)
                                              ^^^^^^^^^^
_ _ _ _ _ _ _ _ _ _ _ _ _ _ _ _ _ _ _ _ _ _ _ _ _ _ _ _ _ _ _ _ _ _ _ _ _ _ _ _ _ _ _ _ _ _ _ _ _ _ _ _ _ _ _ _ _ _ _ _ _ _ _ _ _ _ _ _ _ _ _ _ _ _ _ _ _ _ _ _ _ _ _ _ _ _ _ _ _ _ _ _ _ _ _ _ _ _ _ _ _ _ _ _ _ _ _ _ _ _ _ _ _ _ _ _ _ _ _ _ _ _ _ _ _ _ _ _ _ _ _ _ _ _ _ _ _ _ _ _

self = &lt;Response [404]&gt;, kwargs = {}

    def json(self, **kwargs: Any) -&gt; Any:
        r"""Decodes the JSON response body (if any) as a Python object.
    
        This may return a dictionary, list, etc. depending on what is in the response.
    
        :param \*\*kwargs: Optional arguments that ``json.loads`` takes.
        :raises requests.exceptions.JSONDecodeError: If the response body does not
            contain valid json.
        """
    
        if not self.encoding and self.content and len(self.content) &gt; 3:
            # No encoding set. JSON RFC 4627 section 3 states we should expect
            # UTF-8, -16 or -32. Detect which one to use; If the detection or
            # decoding fails, fall back to `self.text` (using charset_normalizer to make
            # a best guess).
            encoding = guess_json_utf(self.content)
            if encoding is not None:
                try:
                    return complexjson.loads(self.content.decode(encoding), **kwargs)
                except UnicodeDecodeError:
                    # Wrong UTF codec detected; usually because it's not UTF-8
                    # but some other 8-bit codec.  This is an RFC violation,
                    # and the server didn't bother to tell us what codec *was*
                    # used.
                    pass
                except JSONDecodeError as e:
                    raise RequestsJSONDecodeError(e.msg, e.doc, e.pos)
    
        try:
            return complexjson.loads(self.text, **kwargs)
        except JSONDecodeError as e:
            # Catch JSON-related errors and raise as requests.JSONDecodeError
            # This aliases json.JSONDecodeError and simplejson.JSONDecodeError
&gt;           raise RequestsJSONDecodeError(e.msg, e.doc, e.pos)
E           requests.exceptions.JSONDecodeError: Expecting value: line 1 column 1 (char 0)

D:\python\Lib\site-packages\requests\models.py:1120: JSONDecodeError</failure></testcase><testcase classname="testcase.ProductManager.test_productList.TestProductManager" name="test_update_product[base_info2-testcase2]" time="0.006"><failure message="requests.exceptions.JSONDecodeError: Expecting value: line 1 column 1 (char 0)">self = &lt;Response [404]&gt;, kwargs = {}

    def json(self, **kwargs: Any) -&gt; Any:
        r"""Decodes the JSON response body (if any) as a Python object.
    
        This may return a dictionary, list, etc. depending on what is in the response.
    
        :param \*\*kwargs: Optional arguments that ``json.loads`` takes.
        :raises requests.exceptions.JSONDecodeError: If the response body does not
            contain valid json.
        """
    
        if not self.encoding and self.content and len(self.content) &gt; 3:
            # No encoding set. JSON RFC 4627 section 3 states we should expect
            # UTF-8, -16 or -32. Detect which one to use; If the detection or
            # decoding fails, fall back to `self.text` (using charset_normalizer to make
            # a best guess).
            encoding = guess_json_utf(self.content)
            if encoding is not None:
                try:
                    return complexjson.loads(self.content.decode(encoding), **kwargs)
                except UnicodeDecodeError:
                    # Wrong UTF codec detected; usually because it's not UTF-8
                    # but some other 8-bit codec.  This is an RFC violation,
                    # and the server didn't bother to tell us what codec *was*
                    # used.
                    pass
                except JSONDecodeError as e:
                    raise RequestsJSONDecodeError(e.msg, e.doc, e.pos)
    
        try:
&gt;           return complexjson.loads(self.text, **kwargs)
                   ^^^^^^^^^^^^^^^^^^^^^^^^^^^^^^^^^^^^^^

D:\python\Lib\site-packages\requests\models.py:1116: 
_ _ _ _ _ _ _ _ _ _ _ _ _ _ _ _ _ _ _ _ _ _ _ _ _ _ _ _ _ _ _ _ _ _ _ _ _ _ _ _ _ _ _ _ _ _ _ _ _ _ _ _ _ _ _ _ _ _ _ _ _ _ _ _ _ _ _ _ _ _ _ _ _ _ _ _ _ _ _ _ _ _ _ _ _ _ _ _ _ _ _ _ _ _ _ _ _ _ _ _ _ _ _ _ _ _ _ _ _ _ _ _ _ _ _ _ _ _ _ _ _ _ _ _ _ _ _ _ _ _ _ _ _ _ _ _ _ _ _ _
D:\python\Lib\json\__init__.py:352: in loads
    return _default_decoder.decode(s)
           ^^^^^^^^^^^^^^^^^^^^^^^^^^
D:\python\Lib\json\decoder.py:345: in decode
    obj, end = self.raw_decode(s, idx=_w(s, 0).end())
               ^^^^^^^^^^^^^^^^^^^^^^^^^^^^^^^^^^^^^^
_ _ _ _ _ _ _ _ _ _ _ _ _ _ _ _ _ _ _ _ _ _ _ _ _ _ _ _ _ _ _ _ _ _ _ _ _ _ _ _ _ _ _ _ _ _ _ _ _ _ _ _ _ _ _ _ _ _ _ _ _ _ _ _ _ _ _ _ _ _ _ _ _ _ _ _ _ _ _ _ _ _ _ _ _ _ _ _ _ _ _ _ _ _ _ _ _ _ _ _ _ _ _ _ _ _ _ _ _ _ _ _ _ _ _ _ _ _ _ _ _ _ _ _ _ _ _ _ _ _ _ _ _ _ _ _ _ _ _ _

self = &lt;json.decoder.JSONDecoder object at 0x000001BE3FC6AE40&gt;
s = '&lt;!doctype html&gt;\n&lt;html lang=en&gt;\n&lt;title&gt;404 Not Found&lt;/title&gt;\n&lt;h1&gt;Not Found&lt;/h1&gt;\n&lt;p&gt;The requested URL was not found on the server. If you entered the URL manually please check your spelling and try again.&lt;/p&gt;\n', idx = 0

    def raw_decode(self, s, idx=0):
        """Decode a JSON document from ``s`` (a ``str`` beginning with
        a JSON document) and return a 2-tuple of the Python
        representation and the index in ``s`` where the document ended.
    
        This can be used to decode a JSON document from a string that may
        have extraneous data at the end.
    
        """
        try:
            obj, end = self.scan_once(s, idx)
        except StopIteration as err:
&gt;           raise JSONDecodeError("Expecting value", s, err.value) from None
E           json.decoder.JSONDecodeError: Expecting value: line 1 column 1 (char 0)

D:\python\Lib\json\decoder.py:363: JSONDecodeError

During handling of the above exception, another exception occurred:

self = &lt;test_productList.TestProductManager object at 0x000001BE61648670&gt;, base_info = {'api_name': '商品信息更新', 'header': {'Content-Type': 'application/json;charset=UTF-8'}, 'method': 'post', 'url': '/coupApply/cms/updateProduct'}
testcase = {'json': {'content': '商品描述信息更新', 'goodsId': '999999999', 'name': '测试商品更新名称', 'price': '99.00'}}

    @allure.story(next(c_id) + "商品信息更新")
    @pytest.mark.run(order=3)
    @pytest.mark.parametrize('base_info,testcase', get_testcase_yaml('./testcase/ProductManager/updateProduct.yaml'))
    def test_update_product(self, base_info, testcase):
        allure.dynamic.title(testcase['case_name'])
&gt;       RequestBase().specification_yaml(base_info, testcase)

testcase\ProductManager\test_productList.py:31: 
_ _ _ _ _ _ _ _ _ _ _ _ _ _ _ _ _ _ _ _ _ _ _ _ _ _ _ _ _ _ _ _ _ _ _ _ _ _ _ _ _ _ _ _ _ _ _ _ _ _ _ _ _ _ _ _ _ _ _ _ _ _ _ _ _ _ _ _ _ _ _ _ _ _ _ _ _ _ _ _ _ _ _ _ _ _ _ _ _ _ _ _ _ _ _ _ _ _ _ _ _ _ _ _ _ _ _ _ _ _ _ _ _ _ _ _ _ _ _ _ _ _ _ _ _ _ _ _ _ _ _ _ _ _ _ _ _ _ _ _
base\apiutil.py:127: in specification_yaml
    raise e
base\apiutil.py:109: in specification_yaml
    allure.attach(self.allure_attach_response(res.json()), '接口响应信息', allure.attachment_type.TEXT)
                                              ^^^^^^^^^^
_ _ _ _ _ _ _ _ _ _ _ _ _ _ _ _ _ _ _ _ _ _ _ _ _ _ _ _ _ _ _ _ _ _ _ _ _ _ _ _ _ _ _ _ _ _ _ _ _ _ _ _ _ _ _ _ _ _ _ _ _ _ _ _ _ _ _ _ _ _ _ _ _ _ _ _ _ _ _ _ _ _ _ _ _ _ _ _ _ _ _ _ _ _ _ _ _ _ _ _ _ _ _ _ _ _ _ _ _ _ _ _ _ _ _ _ _ _ _ _ _ _ _ _ _ _ _ _ _ _ _ _ _ _ _ _ _ _ _ _

self = &lt;Response [404]&gt;, kwargs = {}

    def json(self, **kwargs: Any) -&gt; Any:
        r"""Decodes the JSON response body (if any) as a Python object.
    
        This may return a dictionary, list, etc. depending on what is in the response.
    
        :param \*\*kwargs: Optional arguments that ``json.loads`` takes.
        :raises requests.exceptions.JSONDecodeError: If the response body does not
            contain valid json.
        """
    
        if not self.encoding and self.content and len(self.content) &gt; 3:
            # No encoding set. JSON RFC 4627 section 3 states we should expect
            # UTF-8, -16 or -32. Detect which one to use; If the detection or
            # decoding fails, fall back to `self.text` (using charset_normalizer to make
            # a best guess).
            encoding = guess_json_utf(self.content)
            if encoding is not None:
                try:
                    return complexjson.loads(self.content.decode(encoding), **kwargs)
                except UnicodeDecodeError:
                    # Wrong UTF codec detected; usually because it's not UTF-8
                    # but some other 8-bit codec.  This is an RFC violation,
                    # and the server didn't bother to tell us what codec *was*
                    # used.
                    pass
                except JSONDecodeError as e:
                    raise RequestsJSONDecodeError(e.msg, e.doc, e.pos)
    
        try:
            return complexjson.loads(self.text, **kwargs)
        except JSONDecodeError as e:
            # Catch JSON-related errors and raise as requests.JSONDecodeError
            # This aliases json.JSONDecodeError and simplejson.JSONDecodeError
&gt;           raise RequestsJSONDecodeError(e.msg, e.doc, e.pos)
E           requests.exceptions.JSONDecodeError: Expecting value: line 1 column 1 (char 0)

D:\python\Lib\site-packages\requests\models.py:1120: JSONDecodeError</failure></testcase><testcase classname="testcase.Single interface.test_debug_api.TestUserManager" name="test_delete_user[base_info0-testcase0]" time="0.006" /><testcase classname="testcase.Single interface.test_debug_api.TestUserManager" name="test_delete_user[base_info1-testcase1]" time="0.006" /><testcase classname="testcase.Single interface.test_debug_api.TestUserManager" name="test_delete_user[base_info2-testcase2]" time="0.006" /><testcase classname="testcase.Single interface.test_debug_api.TestUserManager" name="test_delete_user[base_info3-testcase3]" time="0.006" /><testcase classname="testcase.ProductManager.test_productList.TestProductManager" name="test_shelves_product[base_info0-testcase0]" time="0.006"><failure message="requests.exceptions.JSONDecodeError: Expecting value: line 1 column 1 (char 0)">self = &lt;Response [404]&gt;, kwargs = {}

    def json(self, **kwargs: Any) -&gt; Any:
        r"""Decodes the JSON response body (if any) as a Python object.
    
        This may return a dictionary, list, etc. depending on what is in the response.
    
        :param \*\*kwargs: Optional arguments that ``json.loads`` takes.
        :raises requests.exceptions.JSONDecodeError: If the response body does not
            contain valid json.
        """
    
        if not self.encoding and self.content and len(self.content) &gt; 3:
            # No encoding set. JSON RFC 4627 section 3 states we should expect
            # UTF-8, -16 or -32. Detect which one to use; If the detection or
            # decoding fails, fall back to `self.text` (using charset_normalizer to make
            # a best guess).
            encoding = guess_json_utf(self.content)
            if encoding is not None:
                try:
                    return complexjson.loads(self.content.decode(encoding), **kwargs)
                except UnicodeDecodeError:
                    # Wrong UTF codec detected; usually because it's not UTF-8
                    # but some other 8-bit codec.  This is an RFC violation,
                    # and the server didn't bother to tell us what codec *was*
                    # used.
                    pass
                except JSONDecodeError as e:
                    raise RequestsJSONDecodeError(e.msg, e.doc, e.pos)
    
        try:
&gt;           return complexjson.loads(self.text, **kwargs)
                   ^^^^^^^^^^^^^^^^^^^^^^^^^^^^^^^^^^^^^^

D:\python\Lib\site-packages\requests\models.py:1116: 
_ _ _ _ _ _ _ _ _ _ _ _ _ _ _ _ _ _ _ _ _ _ _ _ _ _ _ _ _ _ _ _ _ _ _ _ _ _ _ _ _ _ _ _ _ _ _ _ _ _ _ _ _ _ _ _ _ _ _ _ _ _ _ _ _ _ _ _ _ _ _ _ _ _ _ _ _ _ _ _ _ _ _ _ _ _ _ _ _ _ _ _ _ _ _ _ _ _ _ _ _ _ _ _ _ _ _ _ _ _ _ _ _ _ _ _ _ _ _ _ _ _ _ _ _ _ _ _ _ _ _ _ _ _ _ _ _ _ _ _
D:\python\Lib\json\__init__.py:352: in loads
    return _default_decoder.decode(s)
           ^^^^^^^^^^^^^^^^^^^^^^^^^^
D:\python\Lib\json\decoder.py:345: in decode
    obj, end = self.raw_decode(s, idx=_w(s, 0).end())
               ^^^^^^^^^^^^^^^^^^^^^^^^^^^^^^^^^^^^^^
_ _ _ _ _ _ _ _ _ _ _ _ _ _ _ _ _ _ _ _ _ _ _ _ _ _ _ _ _ _ _ _ _ _ _ _ _ _ _ _ _ _ _ _ _ _ _ _ _ _ _ _ _ _ _ _ _ _ _ _ _ _ _ _ _ _ _ _ _ _ _ _ _ _ _ _ _ _ _ _ _ _ _ _ _ _ _ _ _ _ _ _ _ _ _ _ _ _ _ _ _ _ _ _ _ _ _ _ _ _ _ _ _ _ _ _ _ _ _ _ _ _ _ _ _ _ _ _ _ _ _ _ _ _ _ _ _ _ _ _

self = &lt;json.decoder.JSONDecoder object at 0x000001BE3FC6AE40&gt;
s = '&lt;!doctype html&gt;\n&lt;html lang=en&gt;\n&lt;title&gt;404 Not Found&lt;/title&gt;\n&lt;h1&gt;Not Found&lt;/h1&gt;\n&lt;p&gt;The requested URL was not found on the server. If you entered the URL manually please check your spelling and try again.&lt;/p&gt;\n', idx = 0

    def raw_decode(self, s, idx=0):
        """Decode a JSON document from ``s`` (a ``str`` beginning with
        a JSON document) and return a 2-tuple of the Python
        representation and the index in ``s`` where the document ended.
    
        This can be used to decode a JSON document from a string that may
        have extraneous data at the end.
    
        """
        try:
            obj, end = self.scan_once(s, idx)
        except StopIteration as err:
&gt;           raise JSONDecodeError("Expecting value", s, err.value) from None
E           json.decoder.JSONDecodeError: Expecting value: line 1 column 1 (char 0)

D:\python\Lib\json\decoder.py:363: JSONDecodeError

During handling of the above exception, another exception occurred:

self = &lt;test_productList.TestProductManager object at 0x000001BE616489F0&gt;, base_info = {'api_name': '商品上架', 'header': {'Content-Type': 'application/json;charset=UTF-8'}, 'method': 'post', 'url': '/coupApply/cms/shelvesProduct'}, testcase = {'json': {'goodsId': '33809635011'}}

    @allure.story(next(c_id) + "商品上架")
    @pytest.mark.run(order=4)
    @pytest.mark.parametrize('base_info,testcase', get_testcase_yaml('./testcase/ProductManager/shelvesProduct.yaml'))
    def test_shelves_product(self, base_info, testcase):
        allure.dynamic.title(testcase['case_name'])
&gt;       RequestBase().specification_yaml(base_info, testcase)

testcase\ProductManager\test_productList.py:38: 
_ _ _ _ _ _ _ _ _ _ _ _ _ _ _ _ _ _ _ _ _ _ _ _ _ _ _ _ _ _ _ _ _ _ _ _ _ _ _ _ _ _ _ _ _ _ _ _ _ _ _ _ _ _ _ _ _ _ _ _ _ _ _ _ _ _ _ _ _ _ _ _ _ _ _ _ _ _ _ _ _ _ _ _ _ _ _ _ _ _ _ _ _ _ _ _ _ _ _ _ _ _ _ _ _ _ _ _ _ _ _ _ _ _ _ _ _ _ _ _ _ _ _ _ _ _ _ _ _ _ _ _ _ _ _ _ _ _ _ _
base\apiutil.py:127: in specification_yaml
    raise e
base\apiutil.py:109: in specification_yaml
    allure.attach(self.allure_attach_response(res.json()), '接口响应信息', allure.attachment_type.TEXT)
                                              ^^^^^^^^^^
_ _ _ _ _ _ _ _ _ _ _ _ _ _ _ _ _ _ _ _ _ _ _ _ _ _ _ _ _ _ _ _ _ _ _ _ _ _ _ _ _ _ _ _ _ _ _ _ _ _ _ _ _ _ _ _ _ _ _ _ _ _ _ _ _ _ _ _ _ _ _ _ _ _ _ _ _ _ _ _ _ _ _ _ _ _ _ _ _ _ _ _ _ _ _ _ _ _ _ _ _ _ _ _ _ _ _ _ _ _ _ _ _ _ _ _ _ _ _ _ _ _ _ _ _ _ _ _ _ _ _ _ _ _ _ _ _ _ _ _

self = &lt;Response [404]&gt;, kwargs = {}

    def json(self, **kwargs: Any) -&gt; Any:
        r"""Decodes the JSON response body (if any) as a Python object.
    
        This may return a dictionary, list, etc. depending on what is in the response.
    
        :param \*\*kwargs: Optional arguments that ``json.loads`` takes.
        :raises requests.exceptions.JSONDecodeError: If the response body does not
            contain valid json.
        """
    
        if not self.encoding and self.content and len(self.content) &gt; 3:
            # No encoding set. JSON RFC 4627 section 3 states we should expect
            # UTF-8, -16 or -32. Detect which one to use; If the detection or
            # decoding fails, fall back to `self.text` (using charset_normalizer to make
            # a best guess).
            encoding = guess_json_utf(self.content)
            if encoding is not None:
                try:
                    return complexjson.loads(self.content.decode(encoding), **kwargs)
                except UnicodeDecodeError:
                    # Wrong UTF codec detected; usually because it's not UTF-8
                    # but some other 8-bit codec.  This is an RFC violation,
                    # and the server didn't bother to tell us what codec *was*
                    # used.
                    pass
                except JSONDecodeError as e:
                    raise RequestsJSONDecodeError(e.msg, e.doc, e.pos)
    
        try:
            return complexjson.loads(self.text, **kwargs)
        except JSONDecodeError as e:
            # Catch JSON-related errors and raise as requests.JSONDecodeError
            # This aliases json.JSONDecodeError and simplejson.JSONDecodeError
&gt;           raise RequestsJSONDecodeError(e.msg, e.doc, e.pos)
E           requests.exceptions.JSONDecodeError: Expecting value: line 1 column 1 (char 0)

D:\python\Lib\site-packages\requests\models.py:1120: JSONDecodeError</failure></testcase><testcase classname="testcase.ProductManager.test_productList.TestProductManager" name="test_shelves_product[base_info1-testcase1]" time="0.006"><failure message="requests.exceptions.JSONDecodeError: Expecting value: line 1 column 1 (char 0)">self = &lt;Response [404]&gt;, kwargs = {}

    def json(self, **kwargs: Any) -&gt; Any:
        r"""Decodes the JSON response body (if any) as a Python object.
    
        This may return a dictionary, list, etc. depending on what is in the response.
    
        :param \*\*kwargs: Optional arguments that ``json.loads`` takes.
        :raises requests.exceptions.JSONDecodeError: If the response body does not
            contain valid json.
        """
    
        if not self.encoding and self.content and len(self.content) &gt; 3:
            # No encoding set. JSON RFC 4627 section 3 states we should expect
            # UTF-8, -16 or -32. Detect which one to use; If the detection or
            # decoding fails, fall back to `self.text` (using charset_normalizer to make
            # a best guess).
            encoding = guess_json_utf(self.content)
            if encoding is not None:
                try:
                    return complexjson.loads(self.content.decode(encoding), **kwargs)
                except UnicodeDecodeError:
                    # Wrong UTF codec detected; usually because it's not UTF-8
                    # but some other 8-bit codec.  This is an RFC violation,
                    # and the server didn't bother to tell us what codec *was*
                    # used.
                    pass
                except JSONDecodeError as e:
                    raise RequestsJSONDecodeError(e.msg, e.doc, e.pos)
    
        try:
&gt;           return complexjson.loads(self.text, **kwargs)
                   ^^^^^^^^^^^^^^^^^^^^^^^^^^^^^^^^^^^^^^

D:\python\Lib\site-packages\requests\models.py:1116: 
_ _ _ _ _ _ _ _ _ _ _ _ _ _ _ _ _ _ _ _ _ _ _ _ _ _ _ _ _ _ _ _ _ _ _ _ _ _ _ _ _ _ _ _ _ _ _ _ _ _ _ _ _ _ _ _ _ _ _ _ _ _ _ _ _ _ _ _ _ _ _ _ _ _ _ _ _ _ _ _ _ _ _ _ _ _ _ _ _ _ _ _ _ _ _ _ _ _ _ _ _ _ _ _ _ _ _ _ _ _ _ _ _ _ _ _ _ _ _ _ _ _ _ _ _ _ _ _ _ _ _ _ _ _ _ _ _ _ _ _
D:\python\Lib\json\__init__.py:352: in loads
    return _default_decoder.decode(s)
           ^^^^^^^^^^^^^^^^^^^^^^^^^^
D:\python\Lib\json\decoder.py:345: in decode
    obj, end = self.raw_decode(s, idx=_w(s, 0).end())
               ^^^^^^^^^^^^^^^^^^^^^^^^^^^^^^^^^^^^^^
_ _ _ _ _ _ _ _ _ _ _ _ _ _ _ _ _ _ _ _ _ _ _ _ _ _ _ _ _ _ _ _ _ _ _ _ _ _ _ _ _ _ _ _ _ _ _ _ _ _ _ _ _ _ _ _ _ _ _ _ _ _ _ _ _ _ _ _ _ _ _ _ _ _ _ _ _ _ _ _ _ _ _ _ _ _ _ _ _ _ _ _ _ _ _ _ _ _ _ _ _ _ _ _ _ _ _ _ _ _ _ _ _ _ _ _ _ _ _ _ _ _ _ _ _ _ _ _ _ _ _ _ _ _ _ _ _ _ _ _

self = &lt;json.decoder.JSONDecoder object at 0x000001BE3FC6AE40&gt;
s = '&lt;!doctype html&gt;\n&lt;html lang=en&gt;\n&lt;title&gt;404 Not Found&lt;/title&gt;\n&lt;h1&gt;Not Found&lt;/h1&gt;\n&lt;p&gt;The requested URL was not found on the server. If you entered the URL manually please check your spelling and try again.&lt;/p&gt;\n', idx = 0

    def raw_decode(self, s, idx=0):
        """Decode a JSON document from ``s`` (a ``str`` beginning with
        a JSON document) and return a 2-tuple of the Python
        representation and the index in ``s`` where the document ended.
    
        This can be used to decode a JSON document from a string that may
        have extraneous data at the end.
    
        """
        try:
            obj, end = self.scan_once(s, idx)
        except StopIteration as err:
&gt;           raise JSONDecodeError("Expecting value", s, err.value) from None
E           json.decoder.JSONDecodeError: Expecting value: line 1 column 1 (char 0)

D:\python\Lib\json\decoder.py:363: JSONDecodeError

During handling of the above exception, another exception occurred:

self = &lt;test_productList.TestProductManager object at 0x000001BE615F3A00&gt;, base_info = {'api_name': '商品上架', 'header': {'Content-Type': 'application/json;charset=UTF-8'}, 'method': 'post', 'url': '/coupApply/cms/shelvesProduct'}, testcase = {'json': {'goodsId': None}}

    @allure.story(next(c_id) + "商品上架")
    @pytest.mark.run(order=4)
    @pytest.mark.parametrize('base_info,testcase', get_testcase_yaml('./testcase/ProductManager/shelvesProduct.yaml'))
    def test_shelves_product(self, base_info, testcase):
        allure.dynamic.title(testcase['case_name'])
&gt;       RequestBase().specification_yaml(base_info, testcase)

testcase\ProductManager\test_productList.py:38: 
_ _ _ _ _ _ _ _ _ _ _ _ _ _ _ _ _ _ _ _ _ _ _ _ _ _ _ _ _ _ _ _ _ _ _ _ _ _ _ _ _ _ _ _ _ _ _ _ _ _ _ _ _ _ _ _ _ _ _ _ _ _ _ _ _ _ _ _ _ _ _ _ _ _ _ _ _ _ _ _ _ _ _ _ _ _ _ _ _ _ _ _ _ _ _ _ _ _ _ _ _ _ _ _ _ _ _ _ _ _ _ _ _ _ _ _ _ _ _ _ _ _ _ _ _ _ _ _ _ _ _ _ _ _ _ _ _ _ _ _
base\apiutil.py:127: in specification_yaml
    raise e
base\apiutil.py:109: in specification_yaml
    allure.attach(self.allure_attach_response(res.json()), '接口响应信息', allure.attachment_type.TEXT)
                                              ^^^^^^^^^^
_ _ _ _ _ _ _ _ _ _ _ _ _ _ _ _ _ _ _ _ _ _ _ _ _ _ _ _ _ _ _ _ _ _ _ _ _ _ _ _ _ _ _ _ _ _ _ _ _ _ _ _ _ _ _ _ _ _ _ _ _ _ _ _ _ _ _ _ _ _ _ _ _ _ _ _ _ _ _ _ _ _ _ _ _ _ _ _ _ _ _ _ _ _ _ _ _ _ _ _ _ _ _ _ _ _ _ _ _ _ _ _ _ _ _ _ _ _ _ _ _ _ _ _ _ _ _ _ _ _ _ _ _ _ _ _ _ _ _ _

self = &lt;Response [404]&gt;, kwargs = {}

    def json(self, **kwargs: Any) -&gt; Any:
        r"""Decodes the JSON response body (if any) as a Python object.
    
        This may return a dictionary, list, etc. depending on what is in the response.
    
        :param \*\*kwargs: Optional arguments that ``json.loads`` takes.
        :raises requests.exceptions.JSONDecodeError: If the response body does not
            contain valid json.
        """
    
        if not self.encoding and self.content and len(self.content) &gt; 3:
            # No encoding set. JSON RFC 4627 section 3 states we should expect
            # UTF-8, -16 or -32. Detect which one to use; If the detection or
            # decoding fails, fall back to `self.text` (using charset_normalizer to make
            # a best guess).
            encoding = guess_json_utf(self.content)
            if encoding is not None:
                try:
                    return complexjson.loads(self.content.decode(encoding), **kwargs)
                except UnicodeDecodeError:
                    # Wrong UTF codec detected; usually because it's not UTF-8
                    # but some other 8-bit codec.  This is an RFC violation,
                    # and the server didn't bother to tell us what codec *was*
                    # used.
                    pass
                except JSONDecodeError as e:
                    raise RequestsJSONDecodeError(e.msg, e.doc, e.pos)
    
        try:
            return complexjson.loads(self.text, **kwargs)
        except JSONDecodeError as e:
            # Catch JSON-related errors and raise as requests.JSONDecodeError
            # This aliases json.JSONDecodeError and simplejson.JSONDecodeError
&gt;           raise RequestsJSONDecodeError(e.msg, e.doc, e.pos)
E           requests.exceptions.JSONDecodeError: Expecting value: line 1 column 1 (char 0)

D:\python\Lib\site-packages\requests\models.py:1120: JSONDecodeError</failure></testcase><testcase classname="testcase.ProductManager.test_productList.TestProductManager" name="test_shelves_product[base_info2-testcase2]" time="0.007"><failure message="requests.exceptions.JSONDecodeError: Expecting value: line 1 column 1 (char 0)">self = &lt;Response [404]&gt;, kwargs = {}

    def json(self, **kwargs: Any) -&gt; Any:
        r"""Decodes the JSON response body (if any) as a Python object.
    
        This may return a dictionary, list, etc. depending on what is in the response.
    
        :param \*\*kwargs: Optional arguments that ``json.loads`` takes.
        :raises requests.exceptions.JSONDecodeError: If the response body does not
            contain valid json.
        """
    
        if not self.encoding and self.content and len(self.content) &gt; 3:
            # No encoding set. JSON RFC 4627 section 3 states we should expect
            # UTF-8, -16 or -32. Detect which one to use; If the detection or
            # decoding fails, fall back to `self.text` (using charset_normalizer to make
            # a best guess).
            encoding = guess_json_utf(self.content)
            if encoding is not None:
                try:
                    return complexjson.loads(self.content.decode(encoding), **kwargs)
                except UnicodeDecodeError:
                    # Wrong UTF codec detected; usually because it's not UTF-8
                    # but some other 8-bit codec.  This is an RFC violation,
                    # and the server didn't bother to tell us what codec *was*
                    # used.
                    pass
                except JSONDecodeError as e:
                    raise RequestsJSONDecodeError(e.msg, e.doc, e.pos)
    
        try:
&gt;           return complexjson.loads(self.text, **kwargs)
                   ^^^^^^^^^^^^^^^^^^^^^^^^^^^^^^^^^^^^^^

D:\python\Lib\site-packages\requests\models.py:1116: 
_ _ _ _ _ _ _ _ _ _ _ _ _ _ _ _ _ _ _ _ _ _ _ _ _ _ _ _ _ _ _ _ _ _ _ _ _ _ _ _ _ _ _ _ _ _ _ _ _ _ _ _ _ _ _ _ _ _ _ _ _ _ _ _ _ _ _ _ _ _ _ _ _ _ _ _ _ _ _ _ _ _ _ _ _ _ _ _ _ _ _ _ _ _ _ _ _ _ _ _ _ _ _ _ _ _ _ _ _ _ _ _ _ _ _ _ _ _ _ _ _ _ _ _ _ _ _ _ _ _ _ _ _ _ _ _ _ _ _ _
D:\python\Lib\json\__init__.py:352: in loads
    return _default_decoder.decode(s)
           ^^^^^^^^^^^^^^^^^^^^^^^^^^
D:\python\Lib\json\decoder.py:345: in decode
    obj, end = self.raw_decode(s, idx=_w(s, 0).end())
               ^^^^^^^^^^^^^^^^^^^^^^^^^^^^^^^^^^^^^^
_ _ _ _ _ _ _ _ _ _ _ _ _ _ _ _ _ _ _ _ _ _ _ _ _ _ _ _ _ _ _ _ _ _ _ _ _ _ _ _ _ _ _ _ _ _ _ _ _ _ _ _ _ _ _ _ _ _ _ _ _ _ _ _ _ _ _ _ _ _ _ _ _ _ _ _ _ _ _ _ _ _ _ _ _ _ _ _ _ _ _ _ _ _ _ _ _ _ _ _ _ _ _ _ _ _ _ _ _ _ _ _ _ _ _ _ _ _ _ _ _ _ _ _ _ _ _ _ _ _ _ _ _ _ _ _ _ _ _ _

self = &lt;json.decoder.JSONDecoder object at 0x000001BE3FC6AE40&gt;
s = '&lt;!doctype html&gt;\n&lt;html lang=en&gt;\n&lt;title&gt;404 Not Found&lt;/title&gt;\n&lt;h1&gt;Not Found&lt;/h1&gt;\n&lt;p&gt;The requested URL was not found on the server. If you entered the URL manually please check your spelling and try again.&lt;/p&gt;\n', idx = 0

    def raw_decode(self, s, idx=0):
        """Decode a JSON document from ``s`` (a ``str`` beginning with
        a JSON document) and return a 2-tuple of the Python
        representation and the index in ``s`` where the document ended.
    
        This can be used to decode a JSON document from a string that may
        have extraneous data at the end.
    
        """
        try:
            obj, end = self.scan_once(s, idx)
        except StopIteration as err:
&gt;           raise JSONDecodeError("Expecting value", s, err.value) from None
E           json.decoder.JSONDecodeError: Expecting value: line 1 column 1 (char 0)

D:\python\Lib\json\decoder.py:363: JSONDecodeError

During handling of the above exception, another exception occurred:

self = &lt;test_productList.TestProductManager object at 0x000001BE61511FD0&gt;, base_info = {'api_name': '商品上架', 'header': {'Content-Type': 'application/json;charset=UTF-8'}, 'method': 'post', 'url': '/coupApply/cms/shelvesProduct'}, testcase = {'json': {'goodsId': '999999999'}}

    @allure.story(next(c_id) + "商品上架")
    @pytest.mark.run(order=4)
    @pytest.mark.parametrize('base_info,testcase', get_testcase_yaml('./testcase/ProductManager/shelvesProduct.yaml'))
    def test_shelves_product(self, base_info, testcase):
        allure.dynamic.title(testcase['case_name'])
&gt;       RequestBase().specification_yaml(base_info, testcase)

testcase\ProductManager\test_productList.py:38: 
_ _ _ _ _ _ _ _ _ _ _ _ _ _ _ _ _ _ _ _ _ _ _ _ _ _ _ _ _ _ _ _ _ _ _ _ _ _ _ _ _ _ _ _ _ _ _ _ _ _ _ _ _ _ _ _ _ _ _ _ _ _ _ _ _ _ _ _ _ _ _ _ _ _ _ _ _ _ _ _ _ _ _ _ _ _ _ _ _ _ _ _ _ _ _ _ _ _ _ _ _ _ _ _ _ _ _ _ _ _ _ _ _ _ _ _ _ _ _ _ _ _ _ _ _ _ _ _ _ _ _ _ _ _ _ _ _ _ _ _
base\apiutil.py:127: in specification_yaml
    raise e
base\apiutil.py:109: in specification_yaml
    allure.attach(self.allure_attach_response(res.json()), '接口响应信息', allure.attachment_type.TEXT)
                                              ^^^^^^^^^^
_ _ _ _ _ _ _ _ _ _ _ _ _ _ _ _ _ _ _ _ _ _ _ _ _ _ _ _ _ _ _ _ _ _ _ _ _ _ _ _ _ _ _ _ _ _ _ _ _ _ _ _ _ _ _ _ _ _ _ _ _ _ _ _ _ _ _ _ _ _ _ _ _ _ _ _ _ _ _ _ _ _ _ _ _ _ _ _ _ _ _ _ _ _ _ _ _ _ _ _ _ _ _ _ _ _ _ _ _ _ _ _ _ _ _ _ _ _ _ _ _ _ _ _ _ _ _ _ _ _ _ _ _ _ _ _ _ _ _ _

self = &lt;Response [404]&gt;, kwargs = {}

    def json(self, **kwargs: Any) -&gt; Any:
        r"""Decodes the JSON response body (if any) as a Python object.
    
        This may return a dictionary, list, etc. depending on what is in the response.
    
        :param \*\*kwargs: Optional arguments that ``json.loads`` takes.
        :raises requests.exceptions.JSONDecodeError: If the response body does not
            contain valid json.
        """
    
        if not self.encoding and self.content and len(self.content) &gt; 3:
            # No encoding set. JSON RFC 4627 section 3 states we should expect
            # UTF-8, -16 or -32. Detect which one to use; If the detection or
            # decoding fails, fall back to `self.text` (using charset_normalizer to make
            # a best guess).
            encoding = guess_json_utf(self.content)
            if encoding is not None:
                try:
                    return complexjson.loads(self.content.decode(encoding), **kwargs)
                except UnicodeDecodeError:
                    # Wrong UTF codec detected; usually because it's not UTF-8
                    # but some other 8-bit codec.  This is an RFC violation,
                    # and the server didn't bother to tell us what codec *was*
                    # used.
                    pass
                except JSONDecodeError as e:
                    raise RequestsJSONDecodeError(e.msg, e.doc, e.pos)
    
        try:
            return complexjson.loads(self.text, **kwargs)
        except JSONDecodeError as e:
            # Catch JSON-related errors and raise as requests.JSONDecodeError
            # This aliases json.JSONDecodeError and simplejson.JSONDecodeError
&gt;           raise RequestsJSONDecodeError(e.msg, e.doc, e.pos)
E           requests.exceptions.JSONDecodeError: Expecting value: line 1 column 1 (char 0)

D:\python\Lib\site-packages\requests\models.py:1120: JSONDecodeError</failure></testcase><testcase classname="testcase.Single interface.test_debug_api.TestUserManager" name="test_query_user[base_info0-testcase0]" time="0.007" /><testcase classname="testcase.Single interface.test_debug_api.TestUserManager" name="test_query_user[base_info1-testcase1]" time="0.007" /><testcase classname="testcase.Single interface.test_debug_api.TestUserManager" name="test_query_user[base_info2-testcase2]" time="0.007" /><testcase classname="testcase.Single interface.test_debug_api.TestUserManager" name="test_query_user[base_info3-testcase3]" time="0.006" /><testcase classname="testcase.ProductManager.test_productList.TestProductManager" name="test_pull_off_shelves_product[base_info0-testcase0]" time="0.007"><failure message="requests.exceptions.JSONDecodeError: Expecting value: line 1 column 1 (char 0)">self = &lt;Response [404]&gt;, kwargs = {}

    def json(self, **kwargs: Any) -&gt; Any:
        r"""Decodes the JSON response body (if any) as a Python object.
    
        This may return a dictionary, list, etc. depending on what is in the response.
    
        :param \*\*kwargs: Optional arguments that ``json.loads`` takes.
        :raises requests.exceptions.JSONDecodeError: If the response body does not
            contain valid json.
        """
    
        if not self.encoding and self.content and len(self.content) &gt; 3:
            # No encoding set. JSON RFC 4627 section 3 states we should expect
            # UTF-8, -16 or -32. Detect which one to use; If the detection or
            # decoding fails, fall back to `self.text` (using charset_normalizer to make
            # a best guess).
            encoding = guess_json_utf(self.content)
            if encoding is not None:
                try:
                    return complexjson.loads(self.content.decode(encoding), **kwargs)
                except UnicodeDecodeError:
                    # Wrong UTF codec detected; usually because it's not UTF-8
                    # but some other 8-bit codec.  This is an RFC violation,
                    # and the server didn't bother to tell us what codec *was*
                    # used.
                    pass
                except JSONDecodeError as e:
                    raise RequestsJSONDecodeError(e.msg, e.doc, e.pos)
    
        try:
&gt;           return complexjson.loads(self.text, **kwargs)
                   ^^^^^^^^^^^^^^^^^^^^^^^^^^^^^^^^^^^^^^

D:\python\Lib\site-packages\requests\models.py:1116: 
_ _ _ _ _ _ _ _ _ _ _ _ _ _ _ _ _ _ _ _ _ _ _ _ _ _ _ _ _ _ _ _ _ _ _ _ _ _ _ _ _ _ _ _ _ _ _ _ _ _ _ _ _ _ _ _ _ _ _ _ _ _ _ _ _ _ _ _ _ _ _ _ _ _ _ _ _ _ _ _ _ _ _ _ _ _ _ _ _ _ _ _ _ _ _ _ _ _ _ _ _ _ _ _ _ _ _ _ _ _ _ _ _ _ _ _ _ _ _ _ _ _ _ _ _ _ _ _ _ _ _ _ _ _ _ _ _ _ _ _
D:\python\Lib\json\__init__.py:352: in loads
    return _default_decoder.decode(s)
           ^^^^^^^^^^^^^^^^^^^^^^^^^^
D:\python\Lib\json\decoder.py:345: in decode
    obj, end = self.raw_decode(s, idx=_w(s, 0).end())
               ^^^^^^^^^^^^^^^^^^^^^^^^^^^^^^^^^^^^^^
_ _ _ _ _ _ _ _ _ _ _ _ _ _ _ _ _ _ _ _ _ _ _ _ _ _ _ _ _ _ _ _ _ _ _ _ _ _ _ _ _ _ _ _ _ _ _ _ _ _ _ _ _ _ _ _ _ _ _ _ _ _ _ _ _ _ _ _ _ _ _ _ _ _ _ _ _ _ _ _ _ _ _ _ _ _ _ _ _ _ _ _ _ _ _ _ _ _ _ _ _ _ _ _ _ _ _ _ _ _ _ _ _ _ _ _ _ _ _ _ _ _ _ _ _ _ _ _ _ _ _ _ _ _ _ _ _ _ _ _

self = &lt;json.decoder.JSONDecoder object at 0x000001BE3FC6AE40&gt;
s = '&lt;!doctype html&gt;\n&lt;html lang=en&gt;\n&lt;title&gt;404 Not Found&lt;/title&gt;\n&lt;h1&gt;Not Found&lt;/h1&gt;\n&lt;p&gt;The requested URL was not found on the server. If you entered the URL manually please check your spelling and try again.&lt;/p&gt;\n', idx = 0

    def raw_decode(self, s, idx=0):
        """Decode a JSON document from ``s`` (a ``str`` beginning with
        a JSON document) and return a 2-tuple of the Python
        representation and the index in ``s`` where the document ended.
    
        This can be used to decode a JSON document from a string that may
        have extraneous data at the end.
    
        """
        try:
            obj, end = self.scan_once(s, idx)
        except StopIteration as err:
&gt;           raise JSONDecodeError("Expecting value", s, err.value) from None
E           json.decoder.JSONDecodeError: Expecting value: line 1 column 1 (char 0)

D:\python\Lib\json\decoder.py:363: JSONDecodeError

During handling of the above exception, another exception occurred:

self = &lt;test_productList.TestProductManager object at 0x000001BE61511D90&gt;, base_info = {'api_name': '商品下架', 'header': {'Content-Type': 'application/json;charset=UTF-8'}, 'method': 'post', 'url': '/coupApply/cms/pullOffShelvesProduct'}
testcase = {'json': {'goodsId': '56996760797'}}

    @allure.story(next(c_id) + "商品下架")
    @pytest.mark.run(order=5)
    @pytest.mark.parametrize('base_info,testcase', get_testcase_yaml('./testcase/ProductManager/pullOffShelvesProduct.yaml'))
    def test_pull_off_shelves_product(self, base_info, testcase):
        allure.dynamic.title(testcase['case_name'])
&gt;       RequestBase().specification_yaml(base_info, testcase)

testcase\ProductManager\test_productList.py:45: 
_ _ _ _ _ _ _ _ _ _ _ _ _ _ _ _ _ _ _ _ _ _ _ _ _ _ _ _ _ _ _ _ _ _ _ _ _ _ _ _ _ _ _ _ _ _ _ _ _ _ _ _ _ _ _ _ _ _ _ _ _ _ _ _ _ _ _ _ _ _ _ _ _ _ _ _ _ _ _ _ _ _ _ _ _ _ _ _ _ _ _ _ _ _ _ _ _ _ _ _ _ _ _ _ _ _ _ _ _ _ _ _ _ _ _ _ _ _ _ _ _ _ _ _ _ _ _ _ _ _ _ _ _ _ _ _ _ _ _ _
base\apiutil.py:127: in specification_yaml
    raise e
base\apiutil.py:109: in specification_yaml
    allure.attach(self.allure_attach_response(res.json()), '接口响应信息', allure.attachment_type.TEXT)
                                              ^^^^^^^^^^
_ _ _ _ _ _ _ _ _ _ _ _ _ _ _ _ _ _ _ _ _ _ _ _ _ _ _ _ _ _ _ _ _ _ _ _ _ _ _ _ _ _ _ _ _ _ _ _ _ _ _ _ _ _ _ _ _ _ _ _ _ _ _ _ _ _ _ _ _ _ _ _ _ _ _ _ _ _ _ _ _ _ _ _ _ _ _ _ _ _ _ _ _ _ _ _ _ _ _ _ _ _ _ _ _ _ _ _ _ _ _ _ _ _ _ _ _ _ _ _ _ _ _ _ _ _ _ _ _ _ _ _ _ _ _ _ _ _ _ _

self = &lt;Response [404]&gt;, kwargs = {}

    def json(self, **kwargs: Any) -&gt; Any:
        r"""Decodes the JSON response body (if any) as a Python object.
    
        This may return a dictionary, list, etc. depending on what is in the response.
    
        :param \*\*kwargs: Optional arguments that ``json.loads`` takes.
        :raises requests.exceptions.JSONDecodeError: If the response body does not
            contain valid json.
        """
    
        if not self.encoding and self.content and len(self.content) &gt; 3:
            # No encoding set. JSON RFC 4627 section 3 states we should expect
            # UTF-8, -16 or -32. Detect which one to use; If the detection or
            # decoding fails, fall back to `self.text` (using charset_normalizer to make
            # a best guess).
            encoding = guess_json_utf(self.content)
            if encoding is not None:
                try:
                    return complexjson.loads(self.content.decode(encoding), **kwargs)
                except UnicodeDecodeError:
                    # Wrong UTF codec detected; usually because it's not UTF-8
                    # but some other 8-bit codec.  This is an RFC violation,
                    # and the server didn't bother to tell us what codec *was*
                    # used.
                    pass
                except JSONDecodeError as e:
                    raise RequestsJSONDecodeError(e.msg, e.doc, e.pos)
    
        try:
            return complexjson.loads(self.text, **kwargs)
        except JSONDecodeError as e:
            # Catch JSON-related errors and raise as requests.JSONDecodeError
            # This aliases json.JSONDecodeError and simplejson.JSONDecodeError
&gt;           raise RequestsJSONDecodeError(e.msg, e.doc, e.pos)
E           requests.exceptions.JSONDecodeError: Expecting value: line 1 column 1 (char 0)

D:\python\Lib\site-packages\requests\models.py:1120: JSONDecodeError</failure></testcase><testcase classname="testcase.ProductManager.test_productList.TestProductManager" name="test_pull_off_shelves_product[base_info1-testcase1]" time="0.006"><failure message="requests.exceptions.JSONDecodeError: Expecting value: line 1 column 1 (char 0)">self = &lt;Response [404]&gt;, kwargs = {}

    def json(self, **kwargs: Any) -&gt; Any:
        r"""Decodes the JSON response body (if any) as a Python object.
    
        This may return a dictionary, list, etc. depending on what is in the response.
    
        :param \*\*kwargs: Optional arguments that ``json.loads`` takes.
        :raises requests.exceptions.JSONDecodeError: If the response body does not
            contain valid json.
        """
    
        if not self.encoding and self.content and len(self.content) &gt; 3:
            # No encoding set. JSON RFC 4627 section 3 states we should expect
            # UTF-8, -16 or -32. Detect which one to use; If the detection or
            # decoding fails, fall back to `self.text` (using charset_normalizer to make
            # a best guess).
            encoding = guess_json_utf(self.content)
            if encoding is not None:
                try:
                    return complexjson.loads(self.content.decode(encoding), **kwargs)
                except UnicodeDecodeError:
                    # Wrong UTF codec detected; usually because it's not UTF-8
                    # but some other 8-bit codec.  This is an RFC violation,
                    # and the server didn't bother to tell us what codec *was*
                    # used.
                    pass
                except JSONDecodeError as e:
                    raise RequestsJSONDecodeError(e.msg, e.doc, e.pos)
    
        try:
&gt;           return complexjson.loads(self.text, **kwargs)
                   ^^^^^^^^^^^^^^^^^^^^^^^^^^^^^^^^^^^^^^

D:\python\Lib\site-packages\requests\models.py:1116: 
_ _ _ _ _ _ _ _ _ _ _ _ _ _ _ _ _ _ _ _ _ _ _ _ _ _ _ _ _ _ _ _ _ _ _ _ _ _ _ _ _ _ _ _ _ _ _ _ _ _ _ _ _ _ _ _ _ _ _ _ _ _ _ _ _ _ _ _ _ _ _ _ _ _ _ _ _ _ _ _ _ _ _ _ _ _ _ _ _ _ _ _ _ _ _ _ _ _ _ _ _ _ _ _ _ _ _ _ _ _ _ _ _ _ _ _ _ _ _ _ _ _ _ _ _ _ _ _ _ _ _ _ _ _ _ _ _ _ _ _
D:\python\Lib\json\__init__.py:352: in loads
    return _default_decoder.decode(s)
           ^^^^^^^^^^^^^^^^^^^^^^^^^^
D:\python\Lib\json\decoder.py:345: in decode
    obj, end = self.raw_decode(s, idx=_w(s, 0).end())
               ^^^^^^^^^^^^^^^^^^^^^^^^^^^^^^^^^^^^^^
_ _ _ _ _ _ _ _ _ _ _ _ _ _ _ _ _ _ _ _ _ _ _ _ _ _ _ _ _ _ _ _ _ _ _ _ _ _ _ _ _ _ _ _ _ _ _ _ _ _ _ _ _ _ _ _ _ _ _ _ _ _ _ _ _ _ _ _ _ _ _ _ _ _ _ _ _ _ _ _ _ _ _ _ _ _ _ _ _ _ _ _ _ _ _ _ _ _ _ _ _ _ _ _ _ _ _ _ _ _ _ _ _ _ _ _ _ _ _ _ _ _ _ _ _ _ _ _ _ _ _ _ _ _ _ _ _ _ _ _

self = &lt;json.decoder.JSONDecoder object at 0x000001BE3FC6AE40&gt;
s = '&lt;!doctype html&gt;\n&lt;html lang=en&gt;\n&lt;title&gt;404 Not Found&lt;/title&gt;\n&lt;h1&gt;Not Found&lt;/h1&gt;\n&lt;p&gt;The requested URL was not found on the server. If you entered the URL manually please check your spelling and try again.&lt;/p&gt;\n', idx = 0

    def raw_decode(self, s, idx=0):
        """Decode a JSON document from ``s`` (a ``str`` beginning with
        a JSON document) and return a 2-tuple of the Python
        representation and the index in ``s`` where the document ended.
    
        This can be used to decode a JSON document from a string that may
        have extraneous data at the end.
    
        """
        try:
            obj, end = self.scan_once(s, idx)
        except StopIteration as err:
[...]

    def raw_decode(self, s, idx=0):
        """Decode a JSON document from ``s`` (a ``str`` beginning with
        a JSON document) and return a 2-tuple of the Python
        representation and the index in ``s`` where the document ended.
    
        This can be used to decode a JSON document from a string that may
        have extraneous data at the end.
    
        """
        try:
            obj, end = self.scan_once(s, idx)
        except StopIteration as err:
&gt;           raise JSONDecodeError("Expecting value", s, err.value) from None
E           json.decoder.JSONDecodeError: Expecting value: line 1 column 1 (char 0)

D:\python\Lib\json\decoder.py:363: JSONDecodeError

During handling of the above exception, another exception occurred:

self = &lt;test_productList.TestProductManager object at 0x000001BE6161B980&gt;, base_info = {'api_name': '分布式Token同步会话', 'header': {'Content-Type': 'application/json;charset=UTF-8'}, 'method': 'post', 'url': '/coupApply/cms/selectToken'}
testcase = {'json': {'token': '4C1D9AFc58a30b14dbAeFCEE3645E', 'userId': '0484388932281099922'}}

    @allure.story(next(c_id) + "分布式Token同步会话")
    @pytest.mark.run(order=11)
    @pytest.mark.parametrize('base_info,testcase', get_testcase_yaml('./testcase/ProductManager/selectToken.yaml'))
    def test_select_token(self, base_info, testcase):
        allure.dynamic.title(testcase['case_name'])
&gt;       RequestBase().specification_yaml(base_info, testcase)

testcase\ProductManager\test_productList.py:87: 
_ _ _ _ _ _ _ _ _ _ _ _ _ _ _ _ _ _ _ _ _ _ _ _ _ _ _ _ _ _ _ _ _ _ _ _ _ _ _ _ _ _ _ _ _ _ _ _ _ _ _ _ _ _ _ _ _ _ _ _ _ _ _ _ _ _ _ _ _ _ _ _ _ _ _ _ _ _ _ _ _ _ _ _ _ _ _ _ _ _ _ _ _ _ _ _ _ _ _ _ _ _ _ _ _ _ _ _ _ _ _ _ _ _ _ _ _ _ _ _ _ _ _ _ _ _ _ _ _ _ _ _ _ _ _ _ _ _ _ _
base\apiutil.py:127: in specification_yaml
    raise e
base\apiutil.py:109: in specification_yaml
    allure.attach(self.allure_attach_response(res.json()), '接口响应信息', allure.attachment_type.TEXT)
                                              ^^^^^^^^^^
_ _ _ _ _ _ _ _ _ _ _ _ _ _ _ _ _ _ _ _ _ _ _ _ _ _ _ _ _ _ _ _ _ _ _ _ _ _ _ _ _ _ _ _ _ _ _ _ _ _ _ _ _ _ _ _ _ _ _ _ _ _ _ _ _ _ _ _ _ _ _ _ _ _ _ _ _ _ _ _ _ _ _ _ _ _ _ _ _ _ _ _ _ _ _ _ _ _ _ _ _ _ _ _ _ _ _ _ _ _ _ _ _ _ _ _ _ _ _ _ _ _ _ _ _ _ _ _ _ _ _ _ _ _ _ _ _ _ _ _

self = &lt;Response [404]&gt;, kwargs = {}

    def json(self, **kwargs: Any) -&gt; Any:
        r"""Decodes the JSON response body (if any) as a Python object.
    
        This may return a dictionary, list, etc. depending on what is in the response.
    
        :param \*\*kwargs: Optional arguments that ``json.loads`` takes.
        :raises requests.exceptions.JSONDecodeError: If the response body does not
            contain valid json.
        """
    
        if not self.encoding and self.content and len(self.content) &gt; 3:
            # No encoding set. JSON RFC 4627 section 3 states we should expect
            # UTF-8, -16 or -32. Detect which one to use; If the detection or
            # decoding fails, fall back to `self.text` (using charset_normalizer to make
            # a best guess).
            encoding = guess_json_utf(self.content)
            if encoding is not None:
                try:
                    return complexjson.loads(self.content.decode(encoding), **kwargs)
                except UnicodeDecodeError:
                    # Wrong UTF codec detected; usually because it's not UTF-8
                    # but some other 8-bit codec.  This is an RFC violation,
                    # and the server didn't bother to tell us what codec *was*
                    # used.
                    pass
                except JSONDecodeError as e:
                    raise RequestsJSONDecodeError(e.msg, e.doc, e.pos)
    
        try:
            return complexjson.loads(self.text, **kwargs)
        except JSONDecodeError as e:
            # Catch JSON-related errors and raise as requests.JSONDecodeError
            # This aliases json.JSONDecodeError and simplejson.JSONDecodeError
&gt;           raise RequestsJSONDecodeError(e.msg, e.doc, e.pos)
E           requests.exceptions.JSONDecodeError: Expecting value: line 1 column 1 (char 0)

D:\python\Lib\site-packages\requests\models.py:1120: JSONDecodeError</failure></testcase><testcase classname="testcase.ProductManager.test_productList.TestProductManager" name="test_select_token[base_info1-testcase1]" time="0.007"><failure message="requests.exceptions.JSONDecodeError: Expecting value: line 1 column 1 (char 0)">self = &lt;Response [404]&gt;, kwargs = {}

    def json(self, **kwargs: Any) -&gt; Any:
        r"""Decodes the JSON response body (if any) as a Python object.
    
        This may return a dictionary, list, etc. depending on what is in the response.
    
        :param \*\*kwargs: Optional arguments that ``json.loads`` takes.
        :raises requests.exceptions.JSONDecodeError: If the response body does not
            contain valid json.
        """
    
        if not self.encoding and self.content and len(self.content) &gt; 3:
            # No encoding set. JSON RFC 4627 section 3 states we should expect
            # UTF-8, -16 or -32. Detect which one to use; If the detection or
            # decoding fails, fall back to `self.text` (using charset_normalizer to make
            # a best guess).
            encoding = guess_json_utf(self.content)
            if encoding is not None:
                try:
                    return complexjson.loads(self.content.decode(encoding), **kwargs)
                except UnicodeDecodeError:
                    # Wrong UTF codec detected; usually because it's not UTF-8
                    # but some other 8-bit codec.  This is an RFC violation,
                    # and the server didn't bother to tell us what codec *was*
                    # used.
                    pass
                except JSONDecodeError as e:
                    raise RequestsJSONDecodeError(e.msg, e.doc, e.pos)
    
        try:
&gt;           return complexjson.loads(self.text, **kwargs)
                   ^^^^^^^^^^^^^^^^^^^^^^^^^^^^^^^^^^^^^^

D:\python\Lib\site-packages\requests\models.py:1116: 
_ _ _ _ _ _ _ _ _ _ _ _ _ _ _ _ _ _ _ _ _ _ _ _ _ _ _ _ _ _ _ _ _ _ _ _ _ _ _ _ _ _ _ _ _ _ _ _ _ _ _ _ _ _ _ _ _ _ _ _ _ _ _ _ _ _ _ _ _ _ _ _ _ _ _ _ _ _ _ _ _ _ _ _ _ _ _ _ _ _ _ _ _ _ _ _ _ _ _ _ _ _ _ _ _ _ _ _ _ _ _ _ _ _ _ _ _ _ _ _ _ _ _ _ _ _ _ _ _ _ _ _ _ _ _ _ _ _ _ _
D:\python\Lib\json\__init__.py:352: in loads
    return _default_decoder.decode(s)
           ^^^^^^^^^^^^^^^^^^^^^^^^^^
D:\python\Lib\json\decoder.py:345: in decode
    obj, end = self.raw_decode(s, idx=_w(s, 0).end())
               ^^^^^^^^^^^^^^^^^^^^^^^^^^^^^^^^^^^^^^
_ _ _ _ _ _ _ _ _ _ _ _ _ _ _ _ _ _ _ _ _ _ _ _ _ _ _ _ _ _ _ _ _ _ _ _ _ _ _ _ _ _ _ _ _ _ _ _ _ _ _ _ _ _ _ _ _ _ _ _ _ _ _ _ _ _ _ _ _ _ _ _ _ _ _ _ _ _ _ _ _ _ _ _ _ _ _ _ _ _ _ _ _ _ _ _ _ _ _ _ _ _ _ _ _ _ _ _ _ _ _ _ _ _ _ _ _ _ _ _ _ _ _ _ _ _ _ _ _ _ _ _ _ _ _ _ _ _ _ _

self = &lt;json.decoder.JSONDecoder object at 0x000001BE3FC6AE40&gt;
s = '&lt;!doctype html&gt;\n&lt;html lang=en&gt;\n&lt;title&gt;404 Not Found&lt;/title&gt;\n&lt;h1&gt;Not Found&lt;/h1&gt;\n&lt;p&gt;The requested URL was not found on the server. If you entered the URL manually please check your spelling and try again.&lt;/p&gt;\n', idx = 0

    def raw_decode(self, s, idx=0):
        """Decode a JSON document from ``s`` (a ``str`` beginning with
        a JSON document) and return a 2-tuple of the Python
        representation and the index in ``s`` where the document ended.
    
        This can be used to decode a JSON document from a string that may
        have extraneous data at the end.
    
        """
        try:
            obj, end = self.scan_once(s, idx)
        except StopIteration as err:
&gt;           raise JSONDecodeError("Expecting value", s, err.value) from None
E           json.decoder.JSONDecodeError: Expecting value: line 1 column 1 (char 0)

D:\python\Lib\json\decoder.py:363: JSONDecodeError

During handling of the above exception, another exception occurred:

self = &lt;test_productList.TestProductManager object at 0x000001BE6161BA20&gt;, base_info = {'api_name': '分布式Token同步会话', 'header': {'Content-Type': 'application/json;charset=UTF-8'}, 'method': 'post', 'url': '/coupApply/cms/selectToken'}
testcase = {'json': {'token': '4C1D9AFc58a30b14dbAeFCEE3645E'}}

    @allure.story(next(c_id) + "分布式Token同步会话")
    @pytest.mark.run(order=11)
    @pytest.mark.parametrize('base_info,testcase', get_testcase_yaml('./testcase/ProductManager/selectToken.yaml'))
    def test_select_token(self, base_info, testcase):
        allure.dynamic.title(testcase['case_name'])
&gt;       RequestBase().specification_yaml(base_info, testcase)

testcase\ProductManager\test_productList.py:87: 
_ _ _ _ _ _ _ _ _ _ _ _ _ _ _ _ _ _ _ _ _ _ _ _ _ _ _ _ _ _ _ _ _ _ _ _ _ _ _ _ _ _ _ _ _ _ _ _ _ _ _ _ _ _ _ _ _ _ _ _ _ _ _ _ _ _ _ _ _ _ _ _ _ _ _ _ _ _ _ _ _ _ _ _ _ _ _ _ _ _ _ _ _ _ _ _ _ _ _ _ _ _ _ _ _ _ _ _ _ _ _ _ _ _ _ _ _ _ _ _ _ _ _ _ _ _ _ _ _ _ _ _ _ _ _ _ _ _ _ _
base\apiutil.py:127: in specification_yaml
    raise e
base\apiutil.py:109: in specification_yaml
    allure.attach(self.allure_attach_response(res.json()), '接口响应信息', allure.attachment_type.TEXT)
                                              ^^^^^^^^^^
_ _ _ _ _ _ _ _ _ _ _ _ _ _ _ _ _ _ _ _ _ _ _ _ _ _ _ _ _ _ _ _ _ _ _ _ _ _ _ _ _ _ _ _ _ _ _ _ _ _ _ _ _ _ _ _ _ _ _ _ _ _ _ _ _ _ _ _ _ _ _ _ _ _ _ _ _ _ _ _ _ _ _ _ _ _ _ _ _ _ _ _ _ _ _ _ _ _ _ _ _ _ _ _ _ _ _ _ _ _ _ _ _ _ _ _ _ _ _ _ _ _ _ _ _ _ _ _ _ _ _ _ _ _ _ _ _ _ _ _

self = &lt;Response [404]&gt;, kwargs = {}

    def json(self, **kwargs: Any) -&gt; Any:
        r"""Decodes the JSON response body (if any) as a Python object.
    
        This may return a dictionary, list, etc. depending on what is in the response.
    
        :param \*\*kwargs: Optional arguments that ``json.loads`` takes.
        :raises requests.exceptions.JSONDecodeError: If the response body does not
            contain valid json.
        """
    
        if not self.encoding and self.content and len(self.content) &gt; 3:
            # No encoding set. JSON RFC 4627 section 3 states we should expect
            # UTF-8, -16 or -32. Detect which one to use; If the detection or
            # decoding fails, fall back to `self.text` (using charset_normalizer to make
            # a best guess).
            encoding = guess_json_utf(self.content)
            if encoding is not None:
                try:
                    return complexjson.loads(self.content.decode(encoding), **kwargs)
                except UnicodeDecodeError:
                    # Wrong UTF codec detected; usually because it's not UTF-8
                    # but some other 8-bit codec.  This is an RFC violation,
                    # and the server didn't bother to tell us what codec *was*
                    # used.
                    pass
                except JSONDecodeError as e:
                    raise RequestsJSONDecodeError(e.msg, e.doc, e.pos)
    
        try:
            return complexjson.loads(self.text, **kwargs)
        except JSONDecodeError as e:
            # Catch JSON-related errors and raise as requests.JSONDecodeError
            # This aliases json.JSONDecodeError and simplejson.JSONDecodeError
&gt;           raise RequestsJSONDecodeError(e.msg, e.doc, e.pos)
E           requests.exceptions.JSONDecodeError: Expecting value: line 1 column 1 (char 0)

D:\python\Lib\site-packages\requests\models.py:1120: JSONDecodeError</failure></testcase><testcase classname="testcase.ProductManager.test_productList.TestProductManager" name="test_select_token[base_info2-testcase2]" time="0.007"><failure message="requests.exceptions.JSONDecodeError: Expecting value: line 1 column 1 (char 0)">self = &lt;Response [404]&gt;, kwargs = {}

    def json(self, **kwargs: Any) -&gt; Any:
        r"""Decodes the JSON response body (if any) as a Python object.
    
        This may return a dictionary, list, etc. depending on what is in the response.
    
        :param \*\*kwargs: Optional arguments that ``json.loads`` takes.
        :raises requests.exceptions.JSONDecodeError: If the response body does not
            contain valid json.
        """
    
        if not self.encoding and self.content and len(self.content) &gt; 3:
            # No encoding set. JSON RFC 4627 section 3 states we should expect
            # UTF-8, -16 or -32. Detect which one to use; If the detection or
            # decoding fails, fall back to `self.text` (using charset_normalizer to make
            # a best guess).
            encoding = guess_json_utf(self.content)
            if encoding is not None:
                try:
                    return complexjson.loads(self.content.decode(encoding), **kwargs)
                except UnicodeDecodeError:
                    # Wrong UTF codec detected; usually because it's not UTF-8
                    # but some other 8-bit codec.  This is an RFC violation,
                    # and the server didn't bother to tell us what codec *was*
                    # used.
                    pass
                except JSONDecodeError as e:
                    raise RequestsJSONDecodeError(e.msg, e.doc, e.pos)
    
        try:
&gt;           return complexjson.loads(self.text, **kwargs)
                   ^^^^^^^^^^^^^^^^^^^^^^^^^^^^^^^^^^^^^^

D:\python\Lib\site-packages\requests\models.py:1116: 
_ _ _ _ _ _ _ _ _ _ _ _ _ _ _ _ _ _ _ _ _ _ _ _ _ _ _ _ _ _ _ _ _ _ _ _ _ _ _ _ _ _ _ _ _ _ _ _ _ _ _ _ _ _ _ _ _ _ _ _ _ _ _ _ _ _ _ _ _ _ _ _ _ _ _ _ _ _ _ _ _ _ _ _ _ _ _ _ _ _ _ _ _ _ _ _ _ _ _ _ _ _ _ _ _ _ _ _ _ _ _ _ _ _ _ _ _ _ _ _ _ _ _ _ _ _ _ _ _ _ _ _ _ _ _ _ _ _ _ _
D:\python\Lib\json\__init__.py:352: in loads
    return _default_decoder.decode(s)
           ^^^^^^^^^^^^^^^^^^^^^^^^^^
D:\python\Lib\json\decoder.py:345: in decode
    obj, end = self.raw_decode(s, idx=_w(s, 0).end())
               ^^^^^^^^^^^^^^^^^^^^^^^^^^^^^^^^^^^^^^
_ _ _ _ _ _ _ _ _ _ _ _ _ _ _ _ _ _ _ _ _ _ _ _ _ _ _ _ _ _ _ _ _ _ _ _ _ _ _ _ _ _ _ _ _ _ _ _ _ _ _ _ _ _ _ _ _ _ _ _ _ _ _ _ _ _ _ _ _ _ _ _ _ _ _ _ _ _ _ _ _ _ _ _ _ _ _ _ _ _ _ _ _ _ _ _ _ _ _ _ _ _ _ _ _ _ _ _ _ _ _ _ _ _ _ _ _ _ _ _ _ _ _ _ _ _ _ _ _ _ _ _ _ _ _ _ _ _ _ _

self = &lt;json.decoder.JSONDecoder object at 0x000001BE3FC6AE40&gt;
s = '&lt;!doctype html&gt;\n&lt;html lang=en&gt;\n&lt;title&gt;404 Not Found&lt;/title&gt;\n&lt;h1&gt;Not Found&lt;/h1&gt;\n&lt;p&gt;The requested URL was not found on the server. If you entered the URL manually please check your spelling and try again.&lt;/p&gt;\n', idx = 0

    def raw_decode(self, s, idx=0):
        """Decode a JSON document from ``s`` (a ``str`` beginning with
        a JSON document) and return a 2-tuple of the Python
        representation and the index in ``s`` where the document ended.
    
        This can be used to decode a JSON document from a string that may
        have extraneous data at the end.
    
        """
        try:
            obj, end = self.scan_once(s, idx)
        except StopIteration as err:
&gt;           raise JSONDecodeError("Expecting value", s, err.value) from None
E           json.decoder.JSONDecodeError: Expecting value: line 1 column 1 (char 0)

D:\python\Lib\json\decoder.py:363: JSONDecodeError

During handling of the above exception, another exception occurred:

self = &lt;test_productList.TestProductManager object at 0x000001BE6161BAC0&gt;, base_info = {'api_name': '分布式Token同步会话', 'header': {'Content-Type': 'application/json;charset=UTF-8'}, 'method': 'post', 'url': '/coupApply/cms/selectToken'}
testcase = {'json': {'userId': '0484388932281099922'}}

    @allure.story(next(c_id) + "分布式Token同步会话")
    @pytest.mark.run(order=11)
    @pytest.mark.parametrize('base_info,testcase', get_testcase_yaml('./testcase/ProductManager/selectToken.yaml'))
    def test_select_token(self, base_info, testcase):
        allure.dynamic.title(testcase['case_name'])
&gt;       RequestBase().specification_yaml(base_info, testcase)

testcase\ProductManager\test_productList.py:87: 
_ _ _ _ _ _ _ _ _ _ _ _ _ _ _ _ _ _ _ _ _ _ _ _ _ _ _ _ _ _ _ _ _ _ _ _ _ _ _ _ _ _ _ _ _ _ _ _ _ _ _ _ _ _ _ _ _ _ _ _ _ _ _ _ _ _ _ _ _ _ _ _ _ _ _ _ _ _ _ _ _ _ _ _ _ _ _ _ _ _ _ _ _ _ _ _ _ _ _ _ _ _ _ _ _ _ _ _ _ _ _ _ _ _ _ _ _ _ _ _ _ _ _ _ _ _ _ _ _ _ _ _ _ _ _ _ _ _ _ _
base\apiutil.py:127: in specification_yaml
    raise e
base\apiutil.py:109: in specification_yaml
    allure.attach(self.allure_attach_response(res.json()), '接口响应信息', allure.attachment_type.TEXT)
                                              ^^^^^^^^^^
_ _ _ _ _ _ _ _ _ _ _ _ _ _ _ _ _ _ _ _ _ _ _ _ _ _ _ _ _ _ _ _ _ _ _ _ _ _ _ _ _ _ _ _ _ _ _ _ _ _ _ _ _ _ _ _ _ _ _ _ _ _ _ _ _ _ _ _ _ _ _ _ _ _ _ _ _ _ _ _ _ _ _ _ _ _ _ _ _ _ _ _ _ _ _ _ _ _ _ _ _ _ _ _ _ _ _ _ _ _ _ _ _ _ _ _ _ _ _ _ _ _ _ _ _ _ _ _ _ _ _ _ _ _ _ _ _ _ _ _

self = &lt;Response [404]&gt;, kwargs = {}

    def json(self, **kwargs: Any) -&gt; Any:
        r"""Decodes the JSON response body (if any) as a Python object.
    
        This may return a dictionary, list, etc. depending on what is in the response.
    
        :param \*\*kwargs: Optional arguments that ``json.loads`` takes.
        :raises requests.exceptions.JSONDecodeError: If the response body does not
            contain valid json.
        """
    
        if not self.encoding and self.content and len(self.content) &gt; 3:
            # No encoding set. JSON RFC 4627 section 3 states we should expect
            # UTF-8, -16 or -32. Detect which one to use; If the detection or
            # decoding fails, fall back to `self.text` (using charset_normalizer to make
            # a best guess).
            encoding = guess_json_utf(self.content)
            if encoding is not None:
                try:
                    return complexjson.loads(self.content.decode(encoding), **kwargs)
                except UnicodeDecodeError:
                    # Wrong UTF codec detected; usually because it's not UTF-8
                    # but some other 8-bit codec.  This is an RFC violation,
                    # and the server didn't bother to tell us what codec *was*
                    # used.
                    pass
                except JSONDecodeError as e:
                    raise RequestsJSONDecodeError(e.msg, e.doc, e.pos)
    
        try:
            return complexjson.loads(self.text, **kwargs)
        except JSONDecodeError as e:
            # Catch JSON-related errors and raise as requests.JSONDecodeError
            # This aliases json.JSONDecodeError and simplejson.JSONDecodeError
&gt;           raise RequestsJSONDecodeError(e.msg, e.doc, e.pos)
E           requests.exceptions.JSONDecodeError: Expecting value: line 1 column 1 (char 0)

D:\python\Lib\site-packages\requests\models.py:1120: JSONDecodeError</failure></testcase><testcase classname="testcase.Business interface.test_business_scenario.TestEBusinessScenario" name="test_business_scenario[case_info0]" time="0.008" /><testcase classname="testcase.Business interface.test_business_scenario.TestEBusinessScenario" name="test_business_scenario[case_info1]" time="0.013" /><testcase classname="testcase.Business interface.test_business_scenario.TestEBusinessScenario" name="test_business_scenario[case_info2]" time="0.008" /><testcase classname="testcase.Business interface.test_business_scenario.TestEBusinessScenario" name="test_business_scenario[case_info3]" time="0.014" /><testcase classname="testcase.Business interface.test_business_scenario.TestEBusinessScenario" name="test_business_scenario[case_info4]" time="0.024" /></testsuite></testsuites>